{
  level: 'info',
  message: '\x1B[1m\x1B[43m 房间: \x1B[49m\x1B[22m \x1B[1m\x1B[93mroom-b4f3-a9a9-b26692\x1B[39m\x1B[22m \x1B[1m\x1B[42m 开始游戏 \x1B[49m\x1B[22m',
  timestamp: '2023-04-11 18:50:49'
}
{
  level: 'info',
  message: '\x1B[1m\x1B[34m现在是\x1B[39m\x1B[22m \x1B[1m\x1B[96muser1\x1B[39m\x1B[22m \x1B[1m\x1B[34m的回合\x1B[39m\x1B[22m',
  timestamp: '2023-04-11 18:50:49'
}
{
  level: 'info',
  message: '\x1B[1m\x1B[96muser1\x1B[39m\x1B[22m \x1B[1m\x1B[43m 使用了机会卡: \x1B[49m\x1B[22m \x1B[1m\x1B[93m小财神\x1B[39m\x1B[22m',
  timestamp: '2023-04-11 19:11:53'
}
{
  level: 'info',
  message: '\x1B[1m\x1B[96muser1\x1B[39m\x1B[22m \x1B[1m\x1B[46m 摇到了: \x1B[49m\x1B[22m \x1B[1m\x1B[92m4-6\x1B[39m\x1B[22m',
  timestamp: '2023-04-11 19:11:58'
}
{
  level: 'info',
  message: '\x1B[1m\x1B[96muser1\x1B[39m\x1B[22m \x1B[1m\x1B[34m购买了\x1B[39m\x1B[22m \x1B[1m\x1B[92m东街-2\x1B[39m\x1B[22m',
  timestamp: '2023-04-11 19:12:03'
}
