{
  level: 'info',
  message: '\x1B[1m\x1B[43m 房间: \x1B[49m\x1B[22m \x1B[1m\x1B[93mroom-1d65-3ca2-ea5366\x1B[39m\x1B[22m \x1B[1m\x1B[42m 开始游戏 \x1B[49m\x1B[22m',
  timestamp: '2023-05-28 12:41:30'
}
{
  level: 'info',
  message: '\x1B[1m\x1B[34m现在是\x1B[39m\x1B[22m \x1B[1m\x1B[96muser1\x1B[39m\x1B[22m \x1B[1m\x1B[34m的回合\x1B[39m\x1B[22m',
  timestamp: '2023-05-28 12:41:31'
}
{
  level: 'info',
  message: '\x1B[1m\x1B[96muser1\x1B[39m\x1B[22m \x1B[1m\x1B[43m 使用了机会卡: \x1B[49m\x1B[22m \x1B[1m\x1B[93m破产卡\x1B[39m\x1B[22m',
  timestamp: '2023-05-28 12:41:33'
}
{
  level: 'info',
  message: '\x1B[1m\x1B[96muser1\x1B[39m\x1B[22m \x1B[1m\x1B[46m 摇到了: \x1B[49m\x1B[22m \x1B[1m\x1B[92m6-2\x1B[39m\x1B[22m',
  timestamp: '2023-05-28 12:41:35'
}
{
  level: 'info',
  message: '\x1B[1m\x1B[34m现在是\x1B[39m\x1B[22m \x1B[1m\x1B[96muser2\x1B[39m\x1B[22m \x1B[1m\x1B[34m的回合\x1B[39m\x1B[22m',
  timestamp: '2023-05-28 12:41:56'
}
{
  level: 'info',
  message: '\x1B[1m\x1B[96muser2\x1B[39m\x1B[22m \x1B[1m\x1B[34m的回合超时了\x1B[39m\x1B[22m',
  timestamp: '2023-05-28 12:42:12'
}
{
  level: 'info',
  message: '\x1B[1m\x1B[96muser2\x1B[39m\x1B[22m \x1B[1m\x1B[46m 摇到了: \x1B[49m\x1B[22m \x1B[1m\x1B[92m6-5\x1B[39m\x1B[22m',
  timestamp: '2023-05-28 12:42:14'
}
