{
  level: 'info',
  message: '\x1B[1m\x1B[43m 房间: \x1B[49m\x1B[22m \x1B[1m\x1B[93mroom-c90a-bc44-922220\x1B[39m\x1B[22m \x1B[1m\x1B[42m 开始游戏 \x1B[49m\x1B[22m',
  timestamp: '2023-06-09 15:34:55'
}
{
  level: 'info',
  message: '\x1B[1m\x1B[34m现在是\x1B[39m\x1B[22m \x1B[1m\x1B[96muser1\x1B[39m\x1B[22m \x1B[1m\x1B[34m的回合\x1B[39m\x1B[22m',
  timestamp: '2023-06-09 15:34:56'
}
{
  level: 'info',
  message: '\x1B[1m\x1B[96muser1\x1B[39m\x1B[22m \x1B[1m\x1B[46m 摇到了: \x1B[49m\x1B[22m \x1B[1m\x1B[92m4-5\x1B[39m\x1B[22m',
  timestamp: '2023-06-09 15:35:09'
}
{
  level: 'info',
  message: '\x1B[1m\x1B[96muser1\x1B[39m\x1B[22m \x1B[1m\x1B[34m购买了\x1B[39m\x1B[22m \x1B[1m\x1B[92m南街-1\x1B[39m\x1B[22m',
  timestamp: '2023-06-09 15:37:21'
}
