{
  level: 'info',
  message: '\x1B[1m\x1B[43m 房间: \x1B[49m\x1B[22m \x1B[1m\x1B[93mroom-40e0-84f3-fd71b2\x1B[39m\x1B[22m \x1B[1m\x1B[42m 开始游戏 \x1B[49m\x1B[22m',
  timestamp: '2023-08-10 17:36:17'
}
{
  level: 'info',
  message: '\x1B[1m\x1B[34m现在是\x1B[39m\x1B[22m \x1B[1m\x1B[96muser2\x1B[39m\x1B[22m \x1B[1m\x1B[34m的回合\x1B[39m\x1B[22m',
  timestamp: '2023-08-10 17:36:17'
}
{
  level: 'info',
  message: '\x1B[1m\x1B[96muser2\x1B[39m\x1B[22m \x1B[1m\x1B[34m的回合超时了\x1B[39m\x1B[22m',
  timestamp: '2023-08-10 17:36:38'
}
{
  level: 'info',
  message: '\x1B[1m\x1B[96muser2\x1B[39m\x1B[22m \x1B[1m\x1B[46m 摇到了: \x1B[49m\x1B[22m \x1B[1m\x1B[92m3-3\x1B[39m\x1B[22m',
  timestamp: '2023-08-10 17:36:39'
}
{
  level: 'info',
  message: '\x1B[1m\x1B[96muser2\x1B[39m\x1B[22m \x1B[1m\x1B[34m购买了\x1B[39m\x1B[22m \x1B[1m\x1B[92m6\x1B[39m\x1B[22m',
  timestamp: '2023-08-10 17:36:50'
}
{
  level: 'info',
  message: '\x1B[1m\x1B[34m现在是\x1B[39m\x1B[22m \x1B[1m\x1B[96muser1\x1B[39m\x1B[22m \x1B[1m\x1B[34m的回合\x1B[39m\x1B[22m',
  timestamp: '2023-08-10 17:36:50'
}
{
  level: 'info',
  message: '\x1B[1m\x1B[96muser1\x1B[39m\x1B[22m \x1B[1m\x1B[34m的回合超时了\x1B[39m\x1B[22m',
  timestamp: '2023-08-10 17:37:12'
}
{
  level: 'info',
  message: '\x1B[1m\x1B[96muser1\x1B[39m\x1B[22m \x1B[1m\x1B[46m 摇到了: \x1B[49m\x1B[22m \x1B[1m\x1B[92m5-5\x1B[39m\x1B[22m',
  timestamp: '2023-08-10 17:37:13'
}
