{
  level: 'info',
  message: '\x1B[1m\x1B[43m 房间: \x1B[49m\x1B[22m \x1B[1m\x1B[93mroom-88a9-74d8-0077e7\x1B[39m\x1B[22m \x1B[1m\x1B[42m 开始游戏 \x1B[49m\x1B[22m',
  timestamp: '2023-08-09 19:38:10'
}
{
  level: 'info',
  message: '\x1B[1m\x1B[34m现在是\x1B[39m\x1B[22m \x1B[1m\x1B[96muser2\x1B[39m\x1B[22m \x1B[1m\x1B[34m的回合\x1B[39m\x1B[22m',
  timestamp: '2023-08-09 19:38:10'
}
{
  level: 'info',
  message: '\x1B[1m\x1B[96muser2\x1B[39m\x1B[22m \x1B[1m\x1B[46m 摇到了: \x1B[49m\x1B[22m \x1B[1m\x1B[92m5-2\x1B[39m\x1B[22m',
  timestamp: '2023-08-09 19:38:15'
}
{
  level: 'info',
  message: '\x1B[1m\x1B[96muser2\x1B[39m\x1B[22m \x1B[1m\x1B[34m购买了\x1B[39m\x1B[22m \x1B[1m\x1B[92m5\x1B[39m\x1B[22m',
  timestamp: '2023-08-09 19:38:20'
}
{
  level: 'info',
  message: '\x1B[1m\x1B[34m现在是\x1B[39m\x1B[22m \x1B[1m\x1B[96muser1\x1B[39m\x1B[22m \x1B[1m\x1B[34m的回合\x1B[39m\x1B[22m',
  timestamp: '2023-08-09 19:38:20'
}
{
  level: 'info',
  message: '\x1B[1m\x1B[96muser1\x1B[39m\x1B[22m \x1B[1m\x1B[46m 摇到了: \x1B[49m\x1B[22m \x1B[1m\x1B[92m6-6\x1B[39m\x1B[22m',
  timestamp: '2023-08-09 19:38:42'
}
{
  level: 'info',
  message: '\x1B[1m\x1B[96muser1\x1B[39m\x1B[22m \x1B[1m\x1B[34m到达了\x1B[39m\x1B[22m \x1B[1m\x1B[96muser2\x1B[39m\x1B[22m \x1B[1m\x1B[34m的地皮\x1B[39m\x1B[22m \x1B[1m\x1B[34m支付了\x1B[39m\x1B[22m \x1B[1m\x1B[31m100\x1B[39m\x1B[22m \x1B[1m\x1B[34m的过路费\x1B[39m\x1B[22m',
  timestamp: '2023-08-09 19:41:30'
}
