{
  level: 'info',
  message: '\x1B[1m\x1B[43m 房间: \x1B[49m\x1B[22m \x1B[1m\x1B[93mroom-b98a-6097-c0a413\x1B[39m\x1B[22m \x1B[1m\x1B[42m 开始游戏 \x1B[49m\x1B[22m',
  timestamp: '2023-08-10 23:02:05'
}
{
  level: 'info',
  message: '\x1B[1m\x1B[34m现在是\x1B[39m\x1B[22m \x1B[1m\x1B[96muser2\x1B[39m\x1B[22m \x1B[1m\x1B[34m的回合\x1B[39m\x1B[22m',
  timestamp: '2023-08-10 23:02:05'
}
{
  level: 'info',
  message: '\x1B[1m\x1B[96muser2\x1B[39m\x1B[22m \x1B[1m\x1B[46m 摇到了: \x1B[49m\x1B[22m \x1B[1m\x1B[92m6-3\x1B[39m\x1B[22m',
  timestamp: '2023-08-10 23:02:12'
}
{
  level: 'info',
  message: '\x1B[1m\x1B[96muser2\x1B[39m\x1B[22m \x1B[1m\x1B[34m购买了\x1B[39m\x1B[22m \x1B[1m\x1B[92m3\x1B[39m\x1B[22m',
  timestamp: '2023-08-10 23:02:18'
}
{
  level: 'info',
  message: '\x1B[1m\x1B[34m现在是\x1B[39m\x1B[22m \x1B[1m\x1B[96muser1\x1B[39m\x1B[22m \x1B[1m\x1B[34m的回合\x1B[39m\x1B[22m',
  timestamp: '2023-08-10 23:02:18'
}
{
  level: 'info',
  message: '\x1B[1m\x1B[96muser1\x1B[39m\x1B[22m \x1B[1m\x1B[34m的回合超时了\x1B[39m\x1B[22m',
  timestamp: '2023-08-10 23:02:39'
}
{
  level: 'info',
  message: '\x1B[1m\x1B[96muser1\x1B[39m\x1B[22m \x1B[1m\x1B[46m 摇到了: \x1B[49m\x1B[22m \x1B[1m\x1B[92m2-1\x1B[39m\x1B[22m',
  timestamp: '2023-08-10 23:02:41'
}
{
  level: 'info',
  message: '\x1B[1m\x1B[34m现在是\x1B[39m\x1B[22m \x1B[1m\x1B[96muser2\x1B[39m\x1B[22m \x1B[1m\x1B[34m的回合\x1B[39m\x1B[22m',
  timestamp: '2023-08-10 23:03:57'
}
{
  level: 'info',
  message: '\x1B[1m\x1B[96muser2\x1B[39m\x1B[22m \x1B[1m\x1B[34m的回合超时了\x1B[39m\x1B[22m',
  timestamp: '2023-08-10 23:04:18'
}
{
  level: 'info',
  message: '\x1B[1m\x1B[96muser2\x1B[39m\x1B[22m \x1B[1m\x1B[46m 摇到了: \x1B[49m\x1B[22m \x1B[1m\x1B[92m6-5\x1B[39m\x1B[22m',
  timestamp: '2023-08-10 23:04:19'
}
{
  level: 'info',
  message: '\x1B[1m\x1B[96muser2\x1B[39m\x1B[22m \x1B[1m\x1B[34m购买了\x1B[39m\x1B[22m \x1B[1m\x1B[92m7\x1B[39m\x1B[22m',
  timestamp: '2023-08-10 23:10:40'
}
{
  level: 'info',
  message: '\x1B[1m\x1B[34m现在是\x1B[39m\x1B[22m \x1B[1m\x1B[96muser1\x1B[39m\x1B[22m \x1B[1m\x1B[34m的回合\x1B[39m\x1B[22m',
  timestamp: '2023-08-10 23:10:40'
}
{
  level: 'info',
  message: '\x1B[1m\x1B[96muser1\x1B[39m\x1B[22m \x1B[1m\x1B[46m 摇到了: \x1B[49m\x1B[22m \x1B[1m\x1B[92m6-4\x1B[39m\x1B[22m',
  timestamp: '2023-08-10 23:10:47'
}
{
  level: 'info',
  message: '\x1B[1m\x1B[34m现在是\x1B[39m\x1B[22m \x1B[1m\x1B[96muser2\x1B[39m\x1B[22m \x1B[1m\x1B[34m的回合\x1B[39m\x1B[22m',
  timestamp: '2023-08-10 23:10:53'
}
{
  level: 'info',
  message: '\x1B[1m\x1B[96muser2\x1B[39m\x1B[22m \x1B[1m\x1B[46m 摇到了: \x1B[49m\x1B[22m \x1B[1m\x1B[92m3-6\x1B[39m\x1B[22m',
  timestamp: '2023-08-10 23:11:00'
}
{
  level: 'info',
  message: '\x1B[1m\x1B[96muser2\x1B[39m\x1B[22m \x1B[1m\x1B[34m购买了\x1B[39m\x1B[22m \x1B[1m\x1B[92m6\x1B[39m\x1B[22m',
  timestamp: '2023-08-10 23:12:48'
}
{
  level: 'info',
  message: '\x1B[1m\x1B[34m现在是\x1B[39m\x1B[22m \x1B[1m\x1B[96muser1\x1B[39m\x1B[22m \x1B[1m\x1B[34m的回合\x1B[39m\x1B[22m',
  timestamp: '2023-08-10 23:12:48'
}
{
  level: 'info',
  message: '\x1B[1m\x1B[96muser1\x1B[39m\x1B[22m \x1B[1m\x1B[34m的回合超时了\x1B[39m\x1B[22m',
  timestamp: '2023-08-10 23:13:09'
}
{
  level: 'info',
  message: '\x1B[1m\x1B[96muser1\x1B[39m\x1B[22m \x1B[1m\x1B[46m 摇到了: \x1B[49m\x1B[22m \x1B[1m\x1B[92m4-2\x1B[39m\x1B[22m',
  timestamp: '2023-08-10 23:13:10'
}
{
  level: 'info',
  message: '\x1B[1m\x1B[96muser1\x1B[39m\x1B[22m \x1B[1m\x1B[34m到达了\x1B[39m\x1B[22m \x1B[1m\x1B[96muser2\x1B[39m\x1B[22m \x1B[1m\x1B[34m的地皮\x1B[39m\x1B[22m \x1B[1m\x1B[34m支付了\x1B[39m\x1B[22m \x1B[1m\x1B[31m200\x1B[39m\x1B[22m \x1B[1m\x1B[34m的过路费\x1B[39m\x1B[22m',
  timestamp: '2023-08-10 23:13:23'
}
{
  level: 'info',
  message: '\x1B[1m\x1B[34m现在是\x1B[39m\x1B[22m \x1B[1m\x1B[96muser2\x1B[39m\x1B[22m \x1B[1m\x1B[34m的回合\x1B[39m\x1B[22m',
  timestamp: '2023-08-10 23:13:23'
}
{
  level: 'info',
  message: '\x1B[1m\x1B[96muser2\x1B[39m\x1B[22m \x1B[1m\x1B[46m 摇到了: \x1B[49m\x1B[22m \x1B[1m\x1B[92m1-6\x1B[39m\x1B[22m',
  timestamp: '2023-08-10 23:13:32'
}
{
  level: 'info',
  message: '\x1B[1m\x1B[96muser2\x1B[39m\x1B[22m \x1B[1m\x1B[34m升级了\x1B[39m\x1B[22m \x1B[1m\x1B[92m7\x1B[39m\x1B[22m \x1B[1m\x1B[34m的房屋\x1B[39m\x1B[22m',
  timestamp: '2023-08-10 23:13:38'
}
{
  level: 'info',
  message: '\x1B[1m\x1B[34m现在是\x1B[39m\x1B[22m \x1B[1m\x1B[96muser1\x1B[39m\x1B[22m \x1B[1m\x1B[34m的回合\x1B[39m\x1B[22m',
  timestamp: '2023-08-10 23:13:38'
}
{
  level: 'info',
  message: '\x1B[1m\x1B[96muser1\x1B[39m\x1B[22m \x1B[1m\x1B[34m的回合超时了\x1B[39m\x1B[22m',
  timestamp: '2023-08-10 23:13:59'
}
{
  level: 'info',
  message: '\x1B[1m\x1B[96muser1\x1B[39m\x1B[22m \x1B[1m\x1B[46m 摇到了: \x1B[49m\x1B[22m \x1B[1m\x1B[92m2-6\x1B[39m\x1B[22m',
  timestamp: '2023-08-10 23:14:00'
}
{
  level: 'info',
  message: '\x1B[1m\x1B[96muser1\x1B[39m\x1B[22m \x1B[1m\x1B[34m到达了\x1B[39m\x1B[22m \x1B[1m\x1B[96muser2\x1B[39m\x1B[22m \x1B[1m\x1B[34m的地皮\x1B[39m\x1B[22m \x1B[1m\x1B[34m支付了\x1B[39m\x1B[22m \x1B[1m\x1B[31m300\x1B[39m\x1B[22m \x1B[1m\x1B[34m的过路费\x1B[39m\x1B[22m',
  timestamp: '2023-08-10 23:14:05'
}
{
  level: 'info',
  message: '\x1B[1m\x1B[34m现在是\x1B[39m\x1B[22m \x1B[1m\x1B[96muser2\x1B[39m\x1B[22m \x1B[1m\x1B[34m的回合\x1B[39m\x1B[22m',
  timestamp: '2023-08-10 23:14:05'
}
{
  level: 'info',
  message: '\x1B[1m\x1B[96muser2\x1B[39m\x1B[22m \x1B[1m\x1B[46m 摇到了: \x1B[49m\x1B[22m \x1B[1m\x1B[92m2-5\x1B[39m\x1B[22m',
  timestamp: '2023-08-10 23:14:12'
}
{
  level: 'info',
  message: '\x1B[1m\x1B[96muser2\x1B[39m\x1B[22m \x1B[1m\x1B[34m购买了\x1B[39m\x1B[22m \x1B[1m\x1B[92m1\x1B[39m\x1B[22m',
  timestamp: '2023-08-10 23:14:17'
}
{
  level: 'info',
  message: '\x1B[1m\x1B[34m现在是\x1B[39m\x1B[22m \x1B[1m\x1B[96muser1\x1B[39m\x1B[22m \x1B[1m\x1B[34m的回合\x1B[39m\x1B[22m',
  timestamp: '2023-08-10 23:14:17'
}
{
  level: 'info',
  message: '\x1B[1m\x1B[96muser1\x1B[39m\x1B[22m \x1B[1m\x1B[46m 摇到了: \x1B[49m\x1B[22m \x1B[1m\x1B[92m3-4\x1B[39m\x1B[22m',
  timestamp: '2023-08-10 23:14:24'
}
{
  level: 'info',
  message: '\x1B[1m\x1B[96muser1\x1B[39m\x1B[22m \x1B[1m\x1B[34m到达了\x1B[39m\x1B[22m \x1B[1m\x1B[96muser2\x1B[39m\x1B[22m \x1B[1m\x1B[34m的地皮\x1B[39m\x1B[22m \x1B[1m\x1B[34m支付了\x1B[39m\x1B[22m \x1B[1m\x1B[31m300\x1B[39m\x1B[22m \x1B[1m\x1B[34m的过路费\x1B[39m\x1B[22m',
  timestamp: '2023-08-10 23:14:28'
}
{
  level: 'info',
  message: '\x1B[1m\x1B[34m现在是\x1B[39m\x1B[22m \x1B[1m\x1B[96muser2\x1B[39m\x1B[22m \x1B[1m\x1B[34m的回合\x1B[39m\x1B[22m',
  timestamp: '2023-08-10 23:14:28'
}
{
  level: 'info',
  message: '\x1B[1m\x1B[96muser2\x1B[39m\x1B[22m \x1B[1m\x1B[46m 摇到了: \x1B[49m\x1B[22m \x1B[1m\x1B[92m4-1\x1B[39m\x1B[22m',
  timestamp: '2023-08-10 23:14:32'
}
{
  level: 'info',
  message: '\x1B[1m\x1B[96muser2\x1B[39m\x1B[22m \x1B[1m\x1B[34m购买了\x1B[39m\x1B[22m \x1B[1m\x1B[92m4\x1B[39m\x1B[22m',
  timestamp: '2023-08-10 23:14:36'
}
{
  level: 'info',
  message: '\x1B[1m\x1B[34m现在是\x1B[39m\x1B[22m \x1B[1m\x1B[96muser1\x1B[39m\x1B[22m \x1B[1m\x1B[34m的回合\x1B[39m\x1B[22m',
  timestamp: '2023-08-10 23:14:36'
}
{
  level: 'info',
  message: '\x1B[1m\x1B[96muser1\x1B[39m\x1B[22m \x1B[1m\x1B[46m 摇到了: \x1B[49m\x1B[22m \x1B[1m\x1B[92m5-3\x1B[39m\x1B[22m',
  timestamp: '2023-08-10 23:14:41'
}
{
  level: 'info',
  message: '\x1B[1m\x1B[96muser1\x1B[39m\x1B[22m \x1B[1m\x1B[34m到达了\x1B[39m\x1B[22m \x1B[1m\x1B[96muser2\x1B[39m\x1B[22m \x1B[1m\x1B[34m的地皮\x1B[39m\x1B[22m \x1B[1m\x1B[34m支付了\x1B[39m\x1B[22m \x1B[1m\x1B[31m400\x1B[39m\x1B[22m \x1B[1m\x1B[34m的过路费\x1B[39m\x1B[22m',
  timestamp: '2023-08-10 23:14:46'
}
{
  level: 'info',
  message: '\x1B[1m\x1B[34m现在是\x1B[39m\x1B[22m \x1B[1m\x1B[96muser2\x1B[39m\x1B[22m \x1B[1m\x1B[34m的回合\x1B[39m\x1B[22m',
  timestamp: '2023-08-10 23:14:46'
}
{
  level: 'info',
  message: '\x1B[1m\x1B[96muser2\x1B[39m\x1B[22m \x1B[1m\x1B[34m的回合超时了\x1B[39m\x1B[22m',
  timestamp: '2023-08-10 23:15:07'
}
{
  level: 'info',
  message: '\x1B[1m\x1B[96muser2\x1B[39m\x1B[22m \x1B[1m\x1B[46m 摇到了: \x1B[49m\x1B[22m \x1B[1m\x1B[92m2-4\x1B[39m\x1B[22m',
  timestamp: '2023-08-10 23:15:09'
}
{
  level: 'info',
  message: '\x1B[1m\x1B[34m现在是\x1B[39m\x1B[22m \x1B[1m\x1B[96muser1\x1B[39m\x1B[22m \x1B[1m\x1B[34m的回合\x1B[39m\x1B[22m',
  timestamp: '2023-08-10 23:15:33'
}
{
  level: 'info',
  message: '\x1B[1m\x1B[96muser1\x1B[39m\x1B[22m \x1B[1m\x1B[46m 摇到了: \x1B[49m\x1B[22m \x1B[1m\x1B[92m3-3\x1B[39m\x1B[22m',
  timestamp: '2023-08-10 23:15:37'
}
{
  level: 'info',
  message: '\x1B[1m\x1B[96muser1\x1B[39m\x1B[22m \x1B[1m\x1B[34m到达了\x1B[39m\x1B[22m \x1B[1m\x1B[96muser2\x1B[39m\x1B[22m \x1B[1m\x1B[34m的地皮\x1B[39m\x1B[22m \x1B[1m\x1B[34m支付了\x1B[39m\x1B[22m \x1B[1m\x1B[31m400\x1B[39m\x1B[22m \x1B[1m\x1B[34m的过路费\x1B[39m\x1B[22m',
  timestamp: '2023-08-10 23:15:41'
}
{
  level: 'info',
  message: '\x1B[1m\x1B[34m现在是\x1B[39m\x1B[22m \x1B[1m\x1B[96muser2\x1B[39m\x1B[22m \x1B[1m\x1B[34m的回合\x1B[39m\x1B[22m',
  timestamp: '2023-08-10 23:15:41'
}
{
  level: 'info',
  message: '\x1B[1m\x1B[96muser2\x1B[39m\x1B[22m \x1B[1m\x1B[46m 摇到了: \x1B[49m\x1B[22m \x1B[1m\x1B[92m5-2\x1B[39m\x1B[22m',
  timestamp: '2023-08-10 23:15:47'
}
{
  level: 'info',
  message: '\x1B[1m\x1B[96muser2\x1B[39m\x1B[22m \x1B[1m\x1B[34m升级了\x1B[39m\x1B[22m \x1B[1m\x1B[92m6\x1B[39m\x1B[22m \x1B[1m\x1B[34m的房屋\x1B[39m\x1B[22m',
  timestamp: '2023-08-10 23:15:52'
}
{
  level: 'info',
  message: '\x1B[1m\x1B[34m现在是\x1B[39m\x1B[22m \x1B[1m\x1B[96muser1\x1B[39m\x1B[22m \x1B[1m\x1B[34m的回合\x1B[39m\x1B[22m',
  timestamp: '2023-08-10 23:15:52'
}
{
  level: 'info',
  message: '\x1B[1m\x1B[96muser1\x1B[39m\x1B[22m \x1B[1m\x1B[46m 摇到了: \x1B[49m\x1B[22m \x1B[1m\x1B[92m2-5\x1B[39m\x1B[22m',
  timestamp: '2023-08-10 23:15:55'
}
{
  level: 'info',
  message: '\x1B[1m\x1B[96muser1\x1B[39m\x1B[22m \x1B[1m\x1B[34m到达了\x1B[39m\x1B[22m \x1B[1m\x1B[96muser2\x1B[39m\x1B[22m \x1B[1m\x1B[34m的地皮\x1B[39m\x1B[22m \x1B[1m\x1B[34m支付了\x1B[39m\x1B[22m \x1B[1m\x1B[31m500\x1B[39m\x1B[22m \x1B[1m\x1B[34m的过路费\x1B[39m\x1B[22m',
  timestamp: '2023-08-10 23:16:00'
}
{
  level: 'info',
  message: '\x1B[1m\x1B[34m现在是\x1B[39m\x1B[22m \x1B[1m\x1B[96muser2\x1B[39m\x1B[22m \x1B[1m\x1B[34m的回合\x1B[39m\x1B[22m',
  timestamp: '2023-08-10 23:16:00'
}
{
  level: 'info',
  message: '\x1B[1m\x1B[96muser2\x1B[39m\x1B[22m \x1B[1m\x1B[46m 摇到了: \x1B[49m\x1B[22m \x1B[1m\x1B[92m1-3\x1B[39m\x1B[22m',
  timestamp: '2023-08-10 23:16:07'
}
{
  level: 'info',
  message: '\x1B[1m\x1B[96muser2\x1B[39m\x1B[22m \x1B[1m\x1B[34m升级了\x1B[39m\x1B[22m \x1B[1m\x1B[92m3\x1B[39m\x1B[22m \x1B[1m\x1B[34m的房屋\x1B[39m\x1B[22m',
  timestamp: '2023-08-10 23:16:10'
}
{
  level: 'info',
  message: '\x1B[1m\x1B[34m现在是\x1B[39m\x1B[22m \x1B[1m\x1B[96muser1\x1B[39m\x1B[22m \x1B[1m\x1B[34m的回合\x1B[39m\x1B[22m',
  timestamp: '2023-08-10 23:16:10'
}
{
  level: 'info',
  message: '\x1B[1m\x1B[96muser1\x1B[39m\x1B[22m \x1B[1m\x1B[46m 摇到了: \x1B[49m\x1B[22m \x1B[1m\x1B[92m3-3\x1B[39m\x1B[22m',
  timestamp: '2023-08-10 23:16:17'
}
{
  level: 'info',
  message: '\x1B[1m\x1B[34m现在是\x1B[39m\x1B[22m \x1B[1m\x1B[96muser2\x1B[39m\x1B[22m \x1B[1m\x1B[34m的回合\x1B[39m\x1B[22m',
  timestamp: '2023-08-10 23:16:20'
}
{
  level: 'info',
  message: '\x1B[1m\x1B[96muser2\x1B[39m\x1B[22m \x1B[1m\x1B[46m 摇到了: \x1B[49m\x1B[22m \x1B[1m\x1B[92m2-5\x1B[39m\x1B[22m',
  timestamp: '2023-08-10 23:16:24'
}
{
  level: 'info',
  message: '\x1B[1m\x1B[96muser2\x1B[39m\x1B[22m \x1B[1m\x1B[34m升级了\x1B[39m\x1B[22m \x1B[1m\x1B[92m4\x1B[39m\x1B[22m \x1B[1m\x1B[34m的房屋\x1B[39m\x1B[22m',
  timestamp: '2023-08-10 23:16:29'
}
{
  level: 'info',
  message: '\x1B[1m\x1B[34m现在是\x1B[39m\x1B[22m \x1B[1m\x1B[96muser1\x1B[39m\x1B[22m \x1B[1m\x1B[34m的回合\x1B[39m\x1B[22m',
  timestamp: '2023-08-10 23:16:29'
}
{
  level: 'info',
  message: '\x1B[1m\x1B[96muser1\x1B[39m\x1B[22m \x1B[1m\x1B[46m 摇到了: \x1B[49m\x1B[22m \x1B[1m\x1B[92m4-3\x1B[39m\x1B[22m',
  timestamp: '2023-08-10 23:16:38'
}
{
  level: 'info',
  message: '\x1B[1m\x1B[96muser1\x1B[39m\x1B[22m \x1B[1m\x1B[34m到达了\x1B[39m\x1B[22m \x1B[1m\x1B[96muser2\x1B[39m\x1B[22m \x1B[1m\x1B[34m的地皮\x1B[39m\x1B[22m \x1B[1m\x1B[34m支付了\x1B[39m\x1B[22m \x1B[1m\x1B[31m600\x1B[39m\x1B[22m \x1B[1m\x1B[34m的过路费\x1B[39m\x1B[22m',
  timestamp: '2023-08-10 23:16:43'
}
{
  level: 'info',
  message: '\x1B[1m\x1B[34m现在是\x1B[39m\x1B[22m \x1B[1m\x1B[96muser2\x1B[39m\x1B[22m \x1B[1m\x1B[34m的回合\x1B[39m\x1B[22m',
  timestamp: '2023-08-10 23:16:43'
}
{
  level: 'info',
  message: '\x1B[1m\x1B[96muser2\x1B[39m\x1B[22m \x1B[1m\x1B[46m 摇到了: \x1B[49m\x1B[22m \x1B[1m\x1B[92m4-3\x1B[39m\x1B[22m',
  timestamp: '2023-08-10 23:16:46'
}
{
  level: 'info',
  message: '\x1B[1m\x1B[96muser2\x1B[39m\x1B[22m \x1B[1m\x1B[34m购买了\x1B[39m\x1B[22m \x1B[1m\x1B[92m5\x1B[39m\x1B[22m',
  timestamp: '2023-08-10 23:16:51'
}
{
  level: 'info',
  message: '\x1B[1m\x1B[34m现在是\x1B[39m\x1B[22m \x1B[1m\x1B[96muser1\x1B[39m\x1B[22m \x1B[1m\x1B[34m的回合\x1B[39m\x1B[22m',
  timestamp: '2023-08-10 23:16:51'
}
{
  level: 'info',
  message: '\x1B[1m\x1B[96muser1\x1B[39m\x1B[22m \x1B[1m\x1B[46m 摇到了: \x1B[49m\x1B[22m \x1B[1m\x1B[92m4-5\x1B[39m\x1B[22m',
  timestamp: '2023-08-10 23:16:53'
}
{
  level: 'info',
  message: '\x1B[1m\x1B[34m现在是\x1B[39m\x1B[22m \x1B[1m\x1B[96muser2\x1B[39m\x1B[22m \x1B[1m\x1B[34m的回合\x1B[39m\x1B[22m',
  timestamp: '2023-08-10 23:16:58'
}
{
  level: 'info',
  message: '\x1B[1m\x1B[96muser2\x1B[39m\x1B[22m \x1B[1m\x1B[34m的回合超时了\x1B[39m\x1B[22m',
  timestamp: '2023-08-10 23:17:20'
}
{
  level: 'info',
  message: '\x1B[1m\x1B[96muser2\x1B[39m\x1B[22m \x1B[1m\x1B[46m 摇到了: \x1B[49m\x1B[22m \x1B[1m\x1B[92m5-3\x1B[39m\x1B[22m',
  timestamp: '2023-08-10 23:17:21'
}
{
  level: 'info',
  message: '\x1B[1m\x1B[96muser2\x1B[39m\x1B[22m \x1B[1m\x1B[34m升级了\x1B[39m\x1B[22m \x1B[1m\x1B[92m5\x1B[39m\x1B[22m \x1B[1m\x1B[34m的房屋\x1B[39m\x1B[22m',
  timestamp: '2023-08-10 23:17:27'
}
{
  level: 'info',
  message: '\x1B[1m\x1B[34m现在是\x1B[39m\x1B[22m \x1B[1m\x1B[96muser1\x1B[39m\x1B[22m \x1B[1m\x1B[34m的回合\x1B[39m\x1B[22m',
  timestamp: '2023-08-10 23:17:27'
}
{
  level: 'info',
  message: '\x1B[1m\x1B[96muser1\x1B[39m\x1B[22m \x1B[1m\x1B[46m 摇到了: \x1B[49m\x1B[22m \x1B[1m\x1B[92m6-3\x1B[39m\x1B[22m',
  timestamp: '2023-08-10 23:17:46'
}
{
  level: 'info',
  message: '\x1B[1m\x1B[96muser1\x1B[39m\x1B[22m \x1B[1m\x1B[34m到达了\x1B[39m\x1B[22m \x1B[1m\x1B[96muser2\x1B[39m\x1B[22m \x1B[1m\x1B[34m的地皮\x1B[39m\x1B[22m \x1B[1m\x1B[34m支付了\x1B[39m\x1B[22m \x1B[1m\x1B[31m700\x1B[39m\x1B[22m \x1B[1m\x1B[34m的过路费\x1B[39m\x1B[22m',
  timestamp: '2023-08-10 23:17:51'
}
{
  level: 'info',
  message: '\x1B[1m\x1B[34m现在是\x1B[39m\x1B[22m \x1B[1m\x1B[96muser2\x1B[39m\x1B[22m \x1B[1m\x1B[34m的回合\x1B[39m\x1B[22m',
  timestamp: '2023-08-10 23:17:51'
}
{
  level: 'info',
  message: '\x1B[1m\x1B[96muser2\x1B[39m\x1B[22m \x1B[1m\x1B[34m的回合超时了\x1B[39m\x1B[22m',
  timestamp: '2023-08-10 23:18:13'
}
{
  level: 'info',
  message: '\x1B[1m\x1B[96muser2\x1B[39m\x1B[22m \x1B[1m\x1B[46m 摇到了: \x1B[49m\x1B[22m \x1B[1m\x1B[92m2-2\x1B[39m\x1B[22m',
  timestamp: '2023-08-10 23:18:14'
}
{
  level: 'info',
  message: '\x1B[1m\x1B[34m现在是\x1B[39m\x1B[22m \x1B[1m\x1B[96muser1\x1B[39m\x1B[22m \x1B[1m\x1B[34m的回合\x1B[39m\x1B[22m',
  timestamp: '2023-08-10 23:18:38'
}
{
  level: 'info',
  message: '\x1B[1m\x1B[96muser1\x1B[39m\x1B[22m \x1B[1m\x1B[34m的回合超时了\x1B[39m\x1B[22m',
  timestamp: '2023-08-10 23:18:59'
}
{
  level: 'info',
  message: '\x1B[1m\x1B[96muser1\x1B[39m\x1B[22m \x1B[1m\x1B[46m 摇到了: \x1B[49m\x1B[22m \x1B[1m\x1B[92m1-3\x1B[39m\x1B[22m',
  timestamp: '2023-08-10 23:19:00'
}
{
  level: 'info',
  message: '\x1B[1m\x1B[96muser1\x1B[39m\x1B[22m \x1B[1m\x1B[34m到达了\x1B[39m\x1B[22m \x1B[1m\x1B[96muser2\x1B[39m\x1B[22m \x1B[1m\x1B[34m的地皮\x1B[39m\x1B[22m \x1B[1m\x1B[34m支付了\x1B[39m\x1B[22m \x1B[1m\x1B[31m700\x1B[39m\x1B[22m \x1B[1m\x1B[34m的过路费\x1B[39m\x1B[22m',
  timestamp: '2023-08-10 23:25:29'
}
{
  level: 'info',
  message: '\x1B[1m\x1B[34m现在是\x1B[39m\x1B[22m \x1B[1m\x1B[96muser2\x1B[39m\x1B[22m \x1B[1m\x1B[34m的回合\x1B[39m\x1B[22m',
  timestamp: '2023-08-10 23:25:29'
}
{
  level: 'info',
  message: '\x1B[1m\x1B[96muser2\x1B[39m\x1B[22m \x1B[1m\x1B[46m 摇到了: \x1B[49m\x1B[22m \x1B[1m\x1B[92m4-1\x1B[39m\x1B[22m',
  timestamp: '2023-08-10 23:25:45'
}
{
  level: 'info',
  message: '\x1B[1m\x1B[34m现在是\x1B[39m\x1B[22m \x1B[1m\x1B[96muser1\x1B[39m\x1B[22m \x1B[1m\x1B[34m的回合\x1B[39m\x1B[22m',
  timestamp: '2023-08-10 23:26:11'
}
{
  level: 'info',
  message: '\x1B[1m\x1B[96muser1\x1B[39m\x1B[22m \x1B[1m\x1B[34m的回合超时了\x1B[39m\x1B[22m',
  timestamp: '2023-08-10 23:26:32'
}
{
  level: 'info',
  message: '\x1B[1m\x1B[96muser1\x1B[39m\x1B[22m \x1B[1m\x1B[46m 摇到了: \x1B[49m\x1B[22m \x1B[1m\x1B[92m6-1\x1B[39m\x1B[22m',
  timestamp: '2023-08-10 23:26:33'
}
{
  level: 'info',
  message: '\x1B[1m\x1B[96muser1\x1B[39m\x1B[22m \x1B[1m\x1B[34m购买了\x1B[39m\x1B[22m \x1B[1m\x1B[92m2\x1B[39m\x1B[22m',
  timestamp: '2023-08-10 23:26:41'
}
