{
  level: 'info',
  message: '\x1B[1m\x1B[43m 房间: \x1B[49m\x1B[22m \x1B[1m\x1B[93mroom-db42-79d4-89282e\x1B[39m\x1B[22m \x1B[1m\x1B[42m 开始游戏 \x1B[49m\x1B[22m',
  timestamp: '2023-09-06 19:27:51'
}
{
  level: 'info',
  message: '\x1B[1m\x1B[34m现在是\x1B[39m\x1B[22m \x1B[1m\x1B[96mFat哥\x1B[39m\x1B[22m \x1B[1m\x1B[34m的回合\x1B[39m\x1B[22m',
  timestamp: '2023-09-06 19:27:51'
}
{
  level: 'info',
  message: '\x1B[1m\x1B[96mFat哥\x1B[39m\x1B[22m \x1B[1m\x1B[46m 摇到了: \x1B[49m\x1B[22m \x1B[1m\x1B[92m4-4\x1B[39m\x1B[22m',
  timestamp: '2023-09-06 19:27:57'
}
{
  level: 'info',
  message: '\x1B[1m\x1B[34m现在是\x1B[39m\x1B[22m \x1B[1m\x1B[96mFat哥\x1B[39m\x1B[22m \x1B[1m\x1B[34m的回合\x1B[39m\x1B[22m',
  timestamp: '2023-09-06 19:28:02'
}
{
  level: 'info',
  message: '\x1B[1m\x1B[96mFat哥\x1B[39m\x1B[22m \x1B[1m\x1B[46m 摇到了: \x1B[49m\x1B[22m \x1B[1m\x1B[92m2-6\x1B[39m\x1B[22m',
  timestamp: '2023-09-06 19:28:06'
}
{
  level: 'info',
  message: '\x1B[1m\x1B[34m现在是\x1B[39m\x1B[22m \x1B[1m\x1B[96mFat哥\x1B[39m\x1B[22m \x1B[1m\x1B[34m的回合\x1B[39m\x1B[22m',
  timestamp: '2023-09-06 19:28:10'
}
{
  level: 'info',
  message: '\x1B[1m\x1B[96mFat哥\x1B[39m\x1B[22m \x1B[1m\x1B[46m 摇到了: \x1B[49m\x1B[22m \x1B[1m\x1B[92m5-3\x1B[39m\x1B[22m',
  timestamp: '2023-09-06 19:28:13'
}
{
  level: 'info',
  message: '\x1B[1m\x1B[34m现在是\x1B[39m\x1B[22m \x1B[1m\x1B[96mFat哥\x1B[39m\x1B[22m \x1B[1m\x1B[34m的回合\x1B[39m\x1B[22m',
  timestamp: '2023-09-06 19:28:43'
}
{
  level: 'info',
  message: '\x1B[1m\x1B[96mFat哥\x1B[39m\x1B[22m \x1B[1m\x1B[46m 摇到了: \x1B[49m\x1B[22m \x1B[1m\x1B[92m6-2\x1B[39m\x1B[22m',
  timestamp: '2023-09-06 19:28:57'
}
