{
  level: 'info',
  message: '\x1B[1m\x1B[43m 房间: \x1B[49m\x1B[22m \x1B[1m\x1B[93mroom-53d5-a94c-713f32\x1B[39m\x1B[22m \x1B[1m\x1B[42m 开始游戏 \x1B[49m\x1B[22m',
  timestamp: '2023-09-07 16:38:13'
}
{
  level: 'info',
  message: '\x1B[1m\x1B[34m现在是\x1B[39m\x1B[22m \x1B[1m\x1B[96mFat哥\x1B[39m\x1B[22m \x1B[1m\x1B[34m的回合\x1B[39m\x1B[22m',
  timestamp: '2023-09-07 16:38:13'
}
{
  level: 'info',
  message: '\x1B[1m\x1B[96mFat哥\x1B[39m\x1B[22m \x1B[1m\x1B[46m 摇到了: \x1B[49m\x1B[22m \x1B[1m\x1B[92m1-6\x1B[39m\x1B[22m',
  timestamp: '2023-09-07 16:38:21'
}
{
  level: 'info',
  message: '\x1B[1m\x1B[96mFat哥\x1B[39m\x1B[22m \x1B[1m\x1B[34m购买了\x1B[39m\x1B[22m \x1B[1m\x1B[92m1\x1B[39m\x1B[22m',
  timestamp: '2023-09-07 16:38:26'
}
{
  level: 'info',
  message: '\x1B[1m\x1B[34m现在是\x1B[39m\x1B[22m \x1B[1m\x1B[96mFat哥\x1B[39m\x1B[22m \x1B[1m\x1B[34m的回合\x1B[39m\x1B[22m',
  timestamp: '2023-09-07 16:38:26'
}
{
  level: 'info',
  message: '\x1B[1m\x1B[96mFat哥\x1B[39m\x1B[22m \x1B[1m\x1B[34m的回合超时了\x1B[39m\x1B[22m',
  timestamp: '2023-09-07 16:38:47'
}
{
  level: 'info',
  message: '\x1B[1m\x1B[96mFat哥\x1B[39m\x1B[22m \x1B[1m\x1B[46m 摇到了: \x1B[49m\x1B[22m \x1B[1m\x1B[92m4-5\x1B[39m\x1B[22m',
  timestamp: '2023-09-07 16:38:49'
}
{
  level: 'info',
  message: '\x1B[1m\x1B[96mFat哥\x1B[39m\x1B[22m \x1B[1m\x1B[34m购买了\x1B[39m\x1B[22m \x1B[1m\x1B[92m7\x1B[39m\x1B[22m',
  timestamp: '2023-09-07 16:39:51'
}
{
  level: 'info',
  message: '\x1B[1m\x1B[34m现在是\x1B[39m\x1B[22m \x1B[1m\x1B[96mFat哥\x1B[39m\x1B[22m \x1B[1m\x1B[34m的回合\x1B[39m\x1B[22m',
  timestamp: '2023-09-07 16:39:51'
}
{
  level: 'info',
  message: '\x1B[1m\x1B[96mFat哥\x1B[39m\x1B[22m \x1B[1m\x1B[46m 摇到了: \x1B[49m\x1B[22m \x1B[1m\x1B[92m6-4\x1B[39m\x1B[22m',
  timestamp: '2023-09-07 16:39:53'
}
{
  level: 'info',
  message: '\x1B[1m\x1B[34m现在是\x1B[39m\x1B[22m \x1B[1m\x1B[96mFat哥\x1B[39m\x1B[22m \x1B[1m\x1B[34m的回合\x1B[39m\x1B[22m',
  timestamp: '2023-09-07 16:39:59'
}
{
  level: 'info',
  message: '\x1B[1m\x1B[96mFat哥\x1B[39m\x1B[22m \x1B[1m\x1B[46m 摇到了: \x1B[49m\x1B[22m \x1B[1m\x1B[92m2-2\x1B[39m\x1B[22m',
  timestamp: '2023-09-07 16:40:02'
}
{
  level: 'info',
  message: '\x1B[1m\x1B[96mFat哥\x1B[39m\x1B[22m \x1B[1m\x1B[34m购买了\x1B[39m\x1B[22m \x1B[1m\x1B[92m2\x1B[39m\x1B[22m',
  timestamp: '2023-09-07 16:40:06'
}
{
  level: 'info',
  message: '\x1B[1m\x1B[34m现在是\x1B[39m\x1B[22m \x1B[1m\x1B[96mFat哥\x1B[39m\x1B[22m \x1B[1m\x1B[34m的回合\x1B[39m\x1B[22m',
  timestamp: '2023-09-07 16:40:06'
}
{
  level: 'info',
  message: '\x1B[1m\x1B[96mFat哥\x1B[39m\x1B[22m \x1B[1m\x1B[46m 摇到了: \x1B[49m\x1B[22m \x1B[1m\x1B[92m2-5\x1B[39m\x1B[22m',
  timestamp: '2023-09-07 16:40:08'
}
{
  level: 'info',
  message: '\x1B[1m\x1B[96mFat哥\x1B[39m\x1B[22m \x1B[1m\x1B[34m购买了\x1B[39m\x1B[22m \x1B[1m\x1B[92m3\x1B[39m\x1B[22m',
  timestamp: '2023-09-07 16:40:13'
}
{
  level: 'info',
  message: '\x1B[1m\x1B[34m现在是\x1B[39m\x1B[22m \x1B[1m\x1B[96mFat哥\x1B[39m\x1B[22m \x1B[1m\x1B[34m的回合\x1B[39m\x1B[22m',
  timestamp: '2023-09-07 16:40:13'
}
{
  level: 'info',
  message: '\x1B[1m\x1B[96mFat哥\x1B[39m\x1B[22m \x1B[1m\x1B[46m 摇到了: \x1B[49m\x1B[22m \x1B[1m\x1B[92m5-3\x1B[39m\x1B[22m',
  timestamp: '2023-09-07 16:40:15'
}
{
  level: 'info',
  message: '\x1B[1m\x1B[96mFat哥\x1B[39m\x1B[22m \x1B[1m\x1B[34m升级了\x1B[39m\x1B[22m \x1B[1m\x1B[92m3\x1B[39m\x1B[22m \x1B[1m\x1B[34m的房屋\x1B[39m\x1B[22m',
  timestamp: '2023-09-07 16:40:34'
}
{
  level: 'info',
  message: '\x1B[1m\x1B[34m现在是\x1B[39m\x1B[22m \x1B[1m\x1B[96mFat哥\x1B[39m\x1B[22m \x1B[1m\x1B[34m的回合\x1B[39m\x1B[22m',
  timestamp: '2023-09-07 16:40:34'
}
{
  level: 'info',
  message: '\x1B[1m\x1B[96mFat哥\x1B[39m\x1B[22m \x1B[1m\x1B[46m 摇到了: \x1B[49m\x1B[22m \x1B[1m\x1B[92m5-1\x1B[39m\x1B[22m',
  timestamp: '2023-09-07 16:40:36'
}
{
  level: 'info',
  message: '\x1B[1m\x1B[96mFat哥\x1B[39m\x1B[22m \x1B[1m\x1B[34m购买了\x1B[39m\x1B[22m \x1B[1m\x1B[92m5\x1B[39m\x1B[22m',
  timestamp: '2023-09-07 16:40:40'
}
{
  level: 'info',
  message: '\x1B[1m\x1B[34m现在是\x1B[39m\x1B[22m \x1B[1m\x1B[96mFat哥\x1B[39m\x1B[22m \x1B[1m\x1B[34m的回合\x1B[39m\x1B[22m',
  timestamp: '2023-09-07 16:40:40'
}
{
  level: 'info',
  message: '\x1B[1m\x1B[96mFat哥\x1B[39m\x1B[22m \x1B[1m\x1B[46m 摇到了: \x1B[49m\x1B[22m \x1B[1m\x1B[92m1-2\x1B[39m\x1B[22m',
  timestamp: '2023-09-07 16:40:42'
}
{
  level: 'info',
  message: '\x1B[1m\x1B[96mFat哥\x1B[39m\x1B[22m \x1B[1m\x1B[34m升级了\x1B[39m\x1B[22m \x1B[1m\x1B[92m2\x1B[39m\x1B[22m \x1B[1m\x1B[34m的房屋\x1B[39m\x1B[22m',
  timestamp: '2023-09-07 16:40:45'
}
{
  level: 'info',
  message: '\x1B[1m\x1B[34m现在是\x1B[39m\x1B[22m \x1B[1m\x1B[96mFat哥\x1B[39m\x1B[22m \x1B[1m\x1B[34m的回合\x1B[39m\x1B[22m',
  timestamp: '2023-09-07 16:40:45'
}
{
  level: 'info',
  message: '\x1B[1m\x1B[96mFat哥\x1B[39m\x1B[22m \x1B[1m\x1B[34m的回合超时了\x1B[39m\x1B[22m',
  timestamp: '2023-09-07 16:41:06'
}
{
  level: 'info',
  message: '\x1B[1m\x1B[96mFat哥\x1B[39m\x1B[22m \x1B[1m\x1B[46m 摇到了: \x1B[49m\x1B[22m \x1B[1m\x1B[92m2-4\x1B[39m\x1B[22m',
  timestamp: '2023-09-07 16:41:08'
}
{
  level: 'info',
  message: '\x1B[1m\x1B[96mFat哥\x1B[39m\x1B[22m \x1B[1m\x1B[34m购买了\x1B[39m\x1B[22m \x1B[1m\x1B[92m4\x1B[39m\x1B[22m',
  timestamp: '2023-09-07 16:41:31'
}
{
  level: 'info',
  message: '\x1B[1m\x1B[34m现在是\x1B[39m\x1B[22m \x1B[1m\x1B[96mFat哥\x1B[39m\x1B[22m \x1B[1m\x1B[34m的回合\x1B[39m\x1B[22m',
  timestamp: '2023-09-07 16:41:31'
}
{
  level: 'info',
  message: '\x1B[1m\x1B[96mFat哥\x1B[39m\x1B[22m \x1B[1m\x1B[34m的回合超时了\x1B[39m\x1B[22m',
  timestamp: '2023-09-07 16:41:53'
}
{
  level: 'info',
  message: '\x1B[1m\x1B[96mFat哥\x1B[39m\x1B[22m \x1B[1m\x1B[46m 摇到了: \x1B[49m\x1B[22m \x1B[1m\x1B[92m6-3\x1B[39m\x1B[22m',
  timestamp: '2023-09-07 16:41:54'
}
{
  level: 'info',
  message: '\x1B[1m\x1B[34m现在是\x1B[39m\x1B[22m \x1B[1m\x1B[96mFat哥\x1B[39m\x1B[22m \x1B[1m\x1B[34m的回合\x1B[39m\x1B[22m',
  timestamp: '2023-09-07 16:42:21'
}
{
  level: 'info',
  message: '\x1B[1m\x1B[96mFat哥\x1B[39m\x1B[22m \x1B[1m\x1B[34m的回合超时了\x1B[39m\x1B[22m',
  timestamp: '2023-09-07 16:42:42'
}
{
  level: 'info',
  message: '\x1B[1m\x1B[96mFat哥\x1B[39m\x1B[22m \x1B[1m\x1B[46m 摇到了: \x1B[49m\x1B[22m \x1B[1m\x1B[92m3-4\x1B[39m\x1B[22m',
  timestamp: '2023-09-07 16:42:43'
}
{
  level: 'info',
  message: '\x1B[1m\x1B[34m现在是\x1B[39m\x1B[22m \x1B[1m\x1B[96mFat哥\x1B[39m\x1B[22m \x1B[1m\x1B[34m的回合\x1B[39m\x1B[22m',
  timestamp: '2023-09-07 16:43:09'
}
{
  level: 'info',
  message: '\x1B[1m\x1B[96mFat哥\x1B[39m\x1B[22m \x1B[1m\x1B[34m的回合超时了\x1B[39m\x1B[22m',
  timestamp: '2023-09-07 16:43:30'
}
{
  level: 'info',
  message: '\x1B[1m\x1B[96mFat哥\x1B[39m\x1B[22m \x1B[1m\x1B[46m 摇到了: \x1B[49m\x1B[22m \x1B[1m\x1B[92m3-2\x1B[39m\x1B[22m',
  timestamp: '2023-09-07 16:43:31'
}
{
  level: 'info',
  message: '\x1B[1m\x1B[34m现在是\x1B[39m\x1B[22m \x1B[1m\x1B[96mFat哥\x1B[39m\x1B[22m \x1B[1m\x1B[34m的回合\x1B[39m\x1B[22m',
  timestamp: '2023-09-07 16:43:56'
}
{
  level: 'info',
  message: '\x1B[1m\x1B[96mFat哥\x1B[39m\x1B[22m \x1B[1m\x1B[34m的回合超时了\x1B[39m\x1B[22m',
  timestamp: '2023-09-07 16:44:17'
}
{
  level: 'info',
  message: '\x1B[1m\x1B[96mFat哥\x1B[39m\x1B[22m \x1B[1m\x1B[46m 摇到了: \x1B[49m\x1B[22m \x1B[1m\x1B[92m3-4\x1B[39m\x1B[22m',
  timestamp: '2023-09-07 16:44:18'
}
{
  level: 'info',
  message: '\x1B[1m\x1B[34m现在是\x1B[39m\x1B[22m \x1B[1m\x1B[96mFat哥\x1B[39m\x1B[22m \x1B[1m\x1B[34m的回合\x1B[39m\x1B[22m',
  timestamp: '2023-09-07 16:44:44'
}
{
  level: 'info',
  message: '\x1B[1m\x1B[96mFat哥\x1B[39m\x1B[22m \x1B[1m\x1B[34m的回合超时了\x1B[39m\x1B[22m',
  timestamp: '2023-09-07 16:45:05'
}
{
  level: 'info',
  message: '\x1B[1m\x1B[96mFat哥\x1B[39m\x1B[22m \x1B[1m\x1B[46m 摇到了: \x1B[49m\x1B[22m \x1B[1m\x1B[92m5-1\x1B[39m\x1B[22m',
  timestamp: '2023-09-07 16:45:06'
}
{
  level: 'info',
  message: '\x1B[1m\x1B[34m现在是\x1B[39m\x1B[22m \x1B[1m\x1B[96mFat哥\x1B[39m\x1B[22m \x1B[1m\x1B[34m的回合\x1B[39m\x1B[22m',
  timestamp: '2023-09-07 16:45:31'
}
{
  level: 'info',
  message: '\x1B[1m\x1B[96mFat哥\x1B[39m\x1B[22m \x1B[1m\x1B[34m的回合超时了\x1B[39m\x1B[22m',
  timestamp: '2023-09-07 16:45:52'
}
{
  level: 'info',
  message: '\x1B[1m\x1B[96mFat哥\x1B[39m\x1B[22m \x1B[1m\x1B[46m 摇到了: \x1B[49m\x1B[22m \x1B[1m\x1B[92m3-2\x1B[39m\x1B[22m',
  timestamp: '2023-09-07 16:45:54'
}
{
  level: 'info',
  message: '\x1B[1m\x1B[34m现在是\x1B[39m\x1B[22m \x1B[1m\x1B[96mFat哥\x1B[39m\x1B[22m \x1B[1m\x1B[34m的回合\x1B[39m\x1B[22m',
  timestamp: '2023-09-07 16:46:18'
}
{
  level: 'info',
  message: '\x1B[1m\x1B[96mFat哥\x1B[39m\x1B[22m \x1B[1m\x1B[34m的回合超时了\x1B[39m\x1B[22m',
  timestamp: '2023-09-07 16:46:39'
}
{
  level: 'info',
  message: '\x1B[1m\x1B[96mFat哥\x1B[39m\x1B[22m \x1B[1m\x1B[46m 摇到了: \x1B[49m\x1B[22m \x1B[1m\x1B[92m4-3\x1B[39m\x1B[22m',
  timestamp: '2023-09-07 16:46:41'
}
{
  level: 'info',
  message: '\x1B[1m\x1B[34m现在是\x1B[39m\x1B[22m \x1B[1m\x1B[96mFat哥\x1B[39m\x1B[22m \x1B[1m\x1B[34m的回合\x1B[39m\x1B[22m',
  timestamp: '2023-09-07 16:46:45'
}
{
  level: 'info',
  message: '\x1B[1m\x1B[96mFat哥\x1B[39m\x1B[22m \x1B[1m\x1B[34m的回合超时了\x1B[39m\x1B[22m',
  timestamp: '2023-09-07 16:47:06'
}
{
  level: 'info',
  message: '\x1B[1m\x1B[96mFat哥\x1B[39m\x1B[22m \x1B[1m\x1B[46m 摇到了: \x1B[49m\x1B[22m \x1B[1m\x1B[92m6-3\x1B[39m\x1B[22m',
  timestamp: '2023-09-07 16:47:07'
}
{
  level: 'info',
  message: '\x1B[1m\x1B[34m现在是\x1B[39m\x1B[22m \x1B[1m\x1B[96mFat哥\x1B[39m\x1B[22m \x1B[1m\x1B[34m的回合\x1B[39m\x1B[22m',
  timestamp: '2023-09-07 16:47:34'
}
{
  level: 'info',
  message: '\x1B[1m\x1B[96mFat哥\x1B[39m\x1B[22m \x1B[1m\x1B[34m的回合超时了\x1B[39m\x1B[22m',
  timestamp: '2023-09-07 16:47:55'
}
{
  level: 'info',
  message: '\x1B[1m\x1B[96mFat哥\x1B[39m\x1B[22m \x1B[1m\x1B[46m 摇到了: \x1B[49m\x1B[22m \x1B[1m\x1B[92m6-3\x1B[39m\x1B[22m',
  timestamp: '2023-09-07 16:47:57'
}
{
  level: 'info',
  message: '\x1B[1m\x1B[34m现在是\x1B[39m\x1B[22m \x1B[1m\x1B[96mFat哥\x1B[39m\x1B[22m \x1B[1m\x1B[34m的回合\x1B[39m\x1B[22m',
  timestamp: '2023-09-07 16:48:23'
}
{
  level: 'info',
  message: '\x1B[1m\x1B[96mFat哥\x1B[39m\x1B[22m \x1B[1m\x1B[34m的回合超时了\x1B[39m\x1B[22m',
  timestamp: '2023-09-07 16:48:44'
}
{
  level: 'info',
  message: '\x1B[1m\x1B[96mFat哥\x1B[39m\x1B[22m \x1B[1m\x1B[46m 摇到了: \x1B[49m\x1B[22m \x1B[1m\x1B[92m5-4\x1B[39m\x1B[22m',
  timestamp: '2023-09-07 16:48:46'
}
{
  level: 'info',
  message: '\x1B[1m\x1B[34m现在是\x1B[39m\x1B[22m \x1B[1m\x1B[96mFat哥\x1B[39m\x1B[22m \x1B[1m\x1B[34m的回合\x1B[39m\x1B[22m',
  timestamp: '2023-09-07 16:49:12'
}
{
  level: 'info',
  message: '\x1B[1m\x1B[96mFat哥\x1B[39m\x1B[22m \x1B[1m\x1B[34m的回合超时了\x1B[39m\x1B[22m',
  timestamp: '2023-09-07 16:49:34'
}
{
  level: 'info',
  message: '\x1B[1m\x1B[96mFat哥\x1B[39m\x1B[22m \x1B[1m\x1B[46m 摇到了: \x1B[49m\x1B[22m \x1B[1m\x1B[92m1-1\x1B[39m\x1B[22m',
  timestamp: '2023-09-07 16:49:35'
}
{
  level: 'info',
  message: '\x1B[1m\x1B[34m现在是\x1B[39m\x1B[22m \x1B[1m\x1B[96mFat哥\x1B[39m\x1B[22m \x1B[1m\x1B[34m的回合\x1B[39m\x1B[22m',
  timestamp: '2023-09-07 16:49:58'
}
{
  level: 'info',
  message: '\x1B[1m\x1B[96mFat哥\x1B[39m\x1B[22m \x1B[1m\x1B[34m的回合超时了\x1B[39m\x1B[22m',
  timestamp: '2023-09-07 16:50:19'
}
{
  level: 'info',
  message: '\x1B[1m\x1B[96mFat哥\x1B[39m\x1B[22m \x1B[1m\x1B[46m 摇到了: \x1B[49m\x1B[22m \x1B[1m\x1B[92m2-1\x1B[39m\x1B[22m',
  timestamp: '2023-09-07 16:50:20'
}
{
  level: 'info',
  message: '\x1B[1m\x1B[34m现在是\x1B[39m\x1B[22m \x1B[1m\x1B[96mFat哥\x1B[39m\x1B[22m \x1B[1m\x1B[34m的回合\x1B[39m\x1B[22m',
  timestamp: '2023-09-07 16:50:22'
}
{
  level: 'info',
  message: '\x1B[1m\x1B[96mFat哥\x1B[39m\x1B[22m \x1B[1m\x1B[34m的回合超时了\x1B[39m\x1B[22m',
  timestamp: '2023-09-07 16:50:43'
}
{
  level: 'info',
  message: '\x1B[1m\x1B[96mFat哥\x1B[39m\x1B[22m \x1B[1m\x1B[46m 摇到了: \x1B[49m\x1B[22m \x1B[1m\x1B[92m3-1\x1B[39m\x1B[22m',
  timestamp: '2023-09-07 16:50:45'
}
{
  level: 'info',
  message: '\x1B[1m\x1B[34m现在是\x1B[39m\x1B[22m \x1B[1m\x1B[96mFat哥\x1B[39m\x1B[22m \x1B[1m\x1B[34m的回合\x1B[39m\x1B[22m',
  timestamp: '2023-09-07 16:51:08'
}
{
  level: 'info',
  message: '\x1B[1m\x1B[96mFat哥\x1B[39m\x1B[22m \x1B[1m\x1B[34m的回合超时了\x1B[39m\x1B[22m',
  timestamp: '2023-09-07 16:51:30'
}
{
  level: 'info',
  message: '\x1B[1m\x1B[96mFat哥\x1B[39m\x1B[22m \x1B[1m\x1B[46m 摇到了: \x1B[49m\x1B[22m \x1B[1m\x1B[92m1-3\x1B[39m\x1B[22m',
  timestamp: '2023-09-07 16:51:31'
}
{
  level: 'info',
  message: '\x1B[1m\x1B[34m现在是\x1B[39m\x1B[22m \x1B[1m\x1B[96mFat哥\x1B[39m\x1B[22m \x1B[1m\x1B[34m的回合\x1B[39m\x1B[22m',
  timestamp: '2023-09-07 16:51:33'
}
{
  level: 'info',
  message: '\x1B[1m\x1B[96mFat哥\x1B[39m\x1B[22m \x1B[1m\x1B[34m的回合超时了\x1B[39m\x1B[22m',
  timestamp: '2023-09-07 16:51:55'
}
{
  level: 'info',
  message: '\x1B[1m\x1B[96mFat哥\x1B[39m\x1B[22m \x1B[1m\x1B[46m 摇到了: \x1B[49m\x1B[22m \x1B[1m\x1B[92m1-5\x1B[39m\x1B[22m',
  timestamp: '2023-09-07 16:51:56'
}
{
  level: 'info',
  message: '\x1B[1m\x1B[34m现在是\x1B[39m\x1B[22m \x1B[1m\x1B[96mFat哥\x1B[39m\x1B[22m \x1B[1m\x1B[34m的回合\x1B[39m\x1B[22m',
  timestamp: '2023-09-07 16:52:21'
}
{
  level: 'info',
  message: '\x1B[1m\x1B[96mFat哥\x1B[39m\x1B[22m \x1B[1m\x1B[34m的回合超时了\x1B[39m\x1B[22m',
  timestamp: '2023-09-07 16:52:42'
}
{
  level: 'info',
  message: '\x1B[1m\x1B[96mFat哥\x1B[39m\x1B[22m \x1B[1m\x1B[46m 摇到了: \x1B[49m\x1B[22m \x1B[1m\x1B[92m2-4\x1B[39m\x1B[22m',
  timestamp: '2023-09-07 16:52:44'
}
{
  level: 'info',
  message: '\x1B[1m\x1B[34m现在是\x1B[39m\x1B[22m \x1B[1m\x1B[96mFat哥\x1B[39m\x1B[22m \x1B[1m\x1B[34m的回合\x1B[39m\x1B[22m',
  timestamp: '2023-09-07 16:53:08'
}
{
  level: 'info',
  message: '\x1B[1m\x1B[96mFat哥\x1B[39m\x1B[22m \x1B[1m\x1B[34m的回合超时了\x1B[39m\x1B[22m',
  timestamp: '2023-09-07 16:53:30'
}
{
  level: 'info',
  message: '\x1B[1m\x1B[96mFat哥\x1B[39m\x1B[22m \x1B[1m\x1B[46m 摇到了: \x1B[49m\x1B[22m \x1B[1m\x1B[92m3-4\x1B[39m\x1B[22m',
  timestamp: '2023-09-07 16:53:31'
}
{
  level: 'info',
  message: '\x1B[1m\x1B[34m现在是\x1B[39m\x1B[22m \x1B[1m\x1B[96mFat哥\x1B[39m\x1B[22m \x1B[1m\x1B[34m的回合\x1B[39m\x1B[22m',
  timestamp: '2023-09-07 16:53:57'
}
{
  level: 'info',
  message: '\x1B[1m\x1B[96mFat哥\x1B[39m\x1B[22m \x1B[1m\x1B[34m的回合超时了\x1B[39m\x1B[22m',
  timestamp: '2023-09-07 16:54:18'
}
{
  level: 'info',
  message: '\x1B[1m\x1B[96mFat哥\x1B[39m\x1B[22m \x1B[1m\x1B[46m 摇到了: \x1B[49m\x1B[22m \x1B[1m\x1B[92m5-6\x1B[39m\x1B[22m',
  timestamp: '2023-09-07 16:54:19'
}
{
  level: 'info',
  message: '\x1B[1m\x1B[34m现在是\x1B[39m\x1B[22m \x1B[1m\x1B[96mFat哥\x1B[39m\x1B[22m \x1B[1m\x1B[34m的回合\x1B[39m\x1B[22m',
  timestamp: '2023-09-07 16:54:47'
}
{
  level: 'info',
  message: '\x1B[1m\x1B[96mFat哥\x1B[39m\x1B[22m \x1B[1m\x1B[34m的回合超时了\x1B[39m\x1B[22m',
  timestamp: '2023-09-07 16:55:08'
}
{
  level: 'info',
  message: '\x1B[1m\x1B[96mFat哥\x1B[39m\x1B[22m \x1B[1m\x1B[46m 摇到了: \x1B[49m\x1B[22m \x1B[1m\x1B[92m1-3\x1B[39m\x1B[22m',
  timestamp: '2023-09-07 16:55:10'
}
{
  level: 'info',
  message: '\x1B[1m\x1B[34m现在是\x1B[39m\x1B[22m \x1B[1m\x1B[96mFat哥\x1B[39m\x1B[22m \x1B[1m\x1B[34m的回合\x1B[39m\x1B[22m',
  timestamp: '2023-09-07 16:55:33'
}
{
  level: 'info',
  message: '\x1B[1m\x1B[96mFat哥\x1B[39m\x1B[22m \x1B[1m\x1B[34m的回合超时了\x1B[39m\x1B[22m',
  timestamp: '2023-09-07 16:55:55'
}
{
  level: 'info',
  message: '\x1B[1m\x1B[96mFat哥\x1B[39m\x1B[22m \x1B[1m\x1B[46m 摇到了: \x1B[49m\x1B[22m \x1B[1m\x1B[92m5-6\x1B[39m\x1B[22m',
  timestamp: '2023-09-07 16:55:56'
}
{
  level: 'info',
  message: '\x1B[1m\x1B[34m现在是\x1B[39m\x1B[22m \x1B[1m\x1B[96mFat哥\x1B[39m\x1B[22m \x1B[1m\x1B[34m的回合\x1B[39m\x1B[22m',
  timestamp: '2023-09-07 16:56:24'
}
{
  level: 'info',
  message: '\x1B[1m\x1B[96mFat哥\x1B[39m\x1B[22m \x1B[1m\x1B[34m的回合超时了\x1B[39m\x1B[22m',
  timestamp: '2023-09-07 16:56:45'
}
{
  level: 'info',
  message: '\x1B[1m\x1B[96mFat哥\x1B[39m\x1B[22m \x1B[1m\x1B[46m 摇到了: \x1B[49m\x1B[22m \x1B[1m\x1B[92m2-3\x1B[39m\x1B[22m',
  timestamp: '2023-09-07 16:56:46'
}
{
  level: 'info',
  message: '\x1B[1m\x1B[34m现在是\x1B[39m\x1B[22m \x1B[1m\x1B[96mFat哥\x1B[39m\x1B[22m \x1B[1m\x1B[34m的回合\x1B[39m\x1B[22m',
  timestamp: '2023-09-07 16:57:11'
}
{
  level: 'info',
  message: '\x1B[1m\x1B[96mFat哥\x1B[39m\x1B[22m \x1B[1m\x1B[34m的回合超时了\x1B[39m\x1B[22m',
  timestamp: '2023-09-07 16:57:32'
}
{
  level: 'info',
  message: '\x1B[1m\x1B[96mFat哥\x1B[39m\x1B[22m \x1B[1m\x1B[46m 摇到了: \x1B[49m\x1B[22m \x1B[1m\x1B[92m6-2\x1B[39m\x1B[22m',
  timestamp: '2023-09-07 16:57:33'
}
{
  level: 'info',
  message: '\x1B[1m\x1B[34m现在是\x1B[39m\x1B[22m \x1B[1m\x1B[96mFat哥\x1B[39m\x1B[22m \x1B[1m\x1B[34m的回合\x1B[39m\x1B[22m',
  timestamp: '2023-09-07 16:57:59'
}
{
  level: 'info',
  message: '\x1B[1m\x1B[96mFat哥\x1B[39m\x1B[22m \x1B[1m\x1B[34m的回合超时了\x1B[39m\x1B[22m',
  timestamp: '2023-09-07 16:58:20'
}
{
  level: 'info',
  message: '\x1B[1m\x1B[96mFat哥\x1B[39m\x1B[22m \x1B[1m\x1B[46m 摇到了: \x1B[49m\x1B[22m \x1B[1m\x1B[92m5-1\x1B[39m\x1B[22m',
  timestamp: '2023-09-07 16:58:22'
}
{
  level: 'info',
  message: '\x1B[1m\x1B[34m现在是\x1B[39m\x1B[22m \x1B[1m\x1B[96mFat哥\x1B[39m\x1B[22m \x1B[1m\x1B[34m的回合\x1B[39m\x1B[22m',
  timestamp: '2023-09-07 16:58:26'
}
{
  level: 'info',
  message: '\x1B[1m\x1B[96mFat哥\x1B[39m\x1B[22m \x1B[1m\x1B[34m的回合超时了\x1B[39m\x1B[22m',
  timestamp: '2023-09-07 16:58:47'
}
{
  level: 'info',
  message: '\x1B[1m\x1B[96mFat哥\x1B[39m\x1B[22m \x1B[1m\x1B[46m 摇到了: \x1B[49m\x1B[22m \x1B[1m\x1B[92m4-1\x1B[39m\x1B[22m',
  timestamp: '2023-09-07 16:58:48'
}
{
  level: 'info',
  message: '\x1B[1m\x1B[34m现在是\x1B[39m\x1B[22m \x1B[1m\x1B[96mFat哥\x1B[39m\x1B[22m \x1B[1m\x1B[34m的回合\x1B[39m\x1B[22m',
  timestamp: '2023-09-07 16:59:12'
}
{
  level: 'info',
  message: '\x1B[1m\x1B[96mFat哥\x1B[39m\x1B[22m \x1B[1m\x1B[34m的回合超时了\x1B[39m\x1B[22m',
  timestamp: '2023-09-07 16:59:34'
}
{
  level: 'info',
  message: '\x1B[1m\x1B[96mFat哥\x1B[39m\x1B[22m \x1B[1m\x1B[46m 摇到了: \x1B[49m\x1B[22m \x1B[1m\x1B[92m6-5\x1B[39m\x1B[22m',
  timestamp: '2023-09-07 16:59:35'
}
{
  level: 'info',
  message: '\x1B[1m\x1B[34m现在是\x1B[39m\x1B[22m \x1B[1m\x1B[96mFat哥\x1B[39m\x1B[22m \x1B[1m\x1B[34m的回合\x1B[39m\x1B[22m',
  timestamp: '2023-09-07 16:59:42'
}
{
  level: 'info',
  message: '\x1B[1m\x1B[96mFat哥\x1B[39m\x1B[22m \x1B[1m\x1B[34m的回合超时了\x1B[39m\x1B[22m',
  timestamp: '2023-09-07 17:00:03'
}
{
  level: 'info',
  message: '\x1B[1m\x1B[96mFat哥\x1B[39m\x1B[22m \x1B[1m\x1B[46m 摇到了: \x1B[49m\x1B[22m \x1B[1m\x1B[92m5-2\x1B[39m\x1B[22m',
  timestamp: '2023-09-07 17:00:04'
}
{
  level: 'info',
  message: '\x1B[1m\x1B[34m现在是\x1B[39m\x1B[22m \x1B[1m\x1B[96mFat哥\x1B[39m\x1B[22m \x1B[1m\x1B[34m的回合\x1B[39m\x1B[22m',
  timestamp: '2023-09-07 17:00:30'
}
{
  level: 'info',
  message: '\x1B[1m\x1B[96mFat哥\x1B[39m\x1B[22m \x1B[1m\x1B[34m的回合超时了\x1B[39m\x1B[22m',
  timestamp: '2023-09-07 17:00:51'
}
{
  level: 'info',
  message: '\x1B[1m\x1B[96mFat哥\x1B[39m\x1B[22m \x1B[1m\x1B[46m 摇到了: \x1B[49m\x1B[22m \x1B[1m\x1B[92m5-3\x1B[39m\x1B[22m',
  timestamp: '2023-09-07 17:00:52'
}
{
  level: 'info',
  message: '\x1B[1m\x1B[34m现在是\x1B[39m\x1B[22m \x1B[1m\x1B[96mFat哥\x1B[39m\x1B[22m \x1B[1m\x1B[34m的回合\x1B[39m\x1B[22m',
  timestamp: '2023-09-07 17:01:18'
}
