{
  level: 'info',
  message: '\x1B[1m\x1B[43m 房间: \x1B[49m\x1B[22m \x1B[1m\x1B[93mroom-c8b0-9592-2ef794\x1B[39m\x1B[22m \x1B[1m\x1B[42m 开始游戏 \x1B[49m\x1B[22m',
  timestamp: '2023-09-17 11:23:35'
}
{
  level: 'info',
  message: '\x1B[1m\x1B[34m现在是\x1B[39m\x1B[22m \x1B[1m\x1B[96mFat哥\x1B[39m\x1B[22m \x1B[1m\x1B[34m的回合\x1B[39m\x1B[22m',
  timestamp: '2023-09-17 11:23:35'
}
{
  level: 'info',
  message: '\x1B[1m\x1B[96mFat哥\x1B[39m\x1B[22m \x1B[1m\x1B[34m的回合超时了\x1B[39m\x1B[22m',
  timestamp: '2023-09-17 11:23:56'
}
{
  level: 'info',
  message: '\x1B[1m\x1B[96mFat哥\x1B[39m\x1B[22m \x1B[1m\x1B[46m 摇到了: \x1B[49m\x1B[22m \x1B[1m\x1B[92m1-3\x1B[39m\x1B[22m',
  timestamp: '2023-09-17 11:23:58'
}
{
  level: 'info',
  message: '\x1B[1m\x1B[96mFat哥\x1B[39m\x1B[22m \x1B[1m\x1B[34m购买了\x1B[39m\x1B[22m \x1B[1m\x1B[92m1\x1B[39m\x1B[22m',
  timestamp: '2023-09-17 11:24:26'
}
{
  level: 'info',
  message: '\x1B[1m\x1B[34m现在是\x1B[39m\x1B[22m \x1B[1m\x1B[96mFat哥\x1B[39m\x1B[22m \x1B[1m\x1B[34m的回合\x1B[39m\x1B[22m',
  timestamp: '2023-09-17 11:24:26'
}
{
  level: 'info',
  message: '\x1B[1m\x1B[96mFat哥\x1B[39m\x1B[22m \x1B[1m\x1B[34m的回合超时了\x1B[39m\x1B[22m',
  timestamp: '2023-09-17 11:24:47'
}
{
  level: 'info',
  message: '\x1B[1m\x1B[96mFat哥\x1B[39m\x1B[22m \x1B[1m\x1B[46m 摇到了: \x1B[49m\x1B[22m \x1B[1m\x1B[92m6-2\x1B[39m\x1B[22m',
  timestamp: '2023-09-17 11:24:49'
}
{
  level: 'info',
  message: '\x1B[1m\x1B[34m现在是\x1B[39m\x1B[22m \x1B[1m\x1B[96mFat哥\x1B[39m\x1B[22m \x1B[1m\x1B[34m的回合\x1B[39m\x1B[22m',
  timestamp: '2023-09-17 11:25:32'
}
{
  level: 'info',
  message: '\x1B[1m\x1B[96mFat哥\x1B[39m\x1B[22m \x1B[1m\x1B[34m的回合超时了\x1B[39m\x1B[22m',
  timestamp: '2023-09-17 11:25:53'
}
{
  level: 'info',
  message: '\x1B[1m\x1B[96mFat哥\x1B[39m\x1B[22m \x1B[1m\x1B[46m 摇到了: \x1B[49m\x1B[22m \x1B[1m\x1B[92m6-2\x1B[39m\x1B[22m',
  timestamp: '2023-09-17 11:25:55'
}
