{
  level: 'info',
  message: '\x1B[1m\x1B[43m 房间: \x1B[49m\x1B[22m \x1B[1m\x1B[93mroom-2a7f-db9a-515345\x1B[39m\x1B[22m \x1B[1m\x1B[42m 开始游戏 \x1B[49m\x1B[22m',
  timestamp: '2023-09-22 20:16:54'
}
{
  level: 'info',
  message: '\x1B[1m\x1B[34m现在是\x1B[39m\x1B[22m \x1B[1m\x1B[96mFat哥\x1B[39m\x1B[22m \x1B[1m\x1B[34m的回合\x1B[39m\x1B[22m',
  timestamp: '2023-09-22 20:16:54'
}
{
  level: 'info',
  message: '\x1B[1m\x1B[96mFat哥\x1B[39m\x1B[22m \x1B[1m\x1B[43m 使用了机会卡: \x1B[49m\x1B[22m \x1B[1m\x1B[93m小财神\x1B[39m\x1B[22m',
  timestamp: '2023-09-22 20:16:58'
}
{
  level: 'info',
  message: '\x1B[1m\x1B[96mFat哥\x1B[39m\x1B[22m \x1B[1m\x1B[46m 摇到了: \x1B[49m\x1B[22m \x1B[1m\x1B[92m5-3\x1B[39m\x1B[22m',
  timestamp: '2023-09-22 20:18:46'
}
