{
  level: 'info',
  message: '\x1B[1m\x1B[43m 房间: \x1B[49m\x1B[22m \x1B[1m\x1B[93mroom-5fe9-3663-5388cc\x1B[39m\x1B[22m \x1B[1m\x1B[42m 开始游戏 \x1B[49m\x1B[22m',
  timestamp: '2023-09-22 19:14:33'
}
{
  level: 'info',
  message: '\x1B[1m\x1B[34m现在是\x1B[39m\x1B[22m \x1B[1m\x1B[96mFat哥\x1B[39m\x1B[22m \x1B[1m\x1B[34m的回合\x1B[39m\x1B[22m',
  timestamp: '2023-09-22 19:14:33'
}
{
  level: 'info',
  message: '\x1B[1m\x1B[96mFat哥\x1B[39m\x1B[22m \x1B[1m\x1B[34m的回合超时了\x1B[39m\x1B[22m',
  timestamp: '2023-09-22 19:14:54'
}
{
  level: 'info',
  message: '\x1B[1m\x1B[96mFat哥\x1B[39m\x1B[22m \x1B[1m\x1B[46m 摇到了: \x1B[49m\x1B[22m \x1B[1m\x1B[92m6-2\x1B[39m\x1B[22m',
  timestamp: '2023-09-22 19:14:56'
}
{
  level: 'info',
  message: '\x1B[1m\x1B[34m现在是\x1B[39m\x1B[22m \x1B[1m\x1B[96mFat哥\x1B[39m\x1B[22m \x1B[1m\x1B[34m的回合\x1B[39m\x1B[22m',
  timestamp: '2023-09-22 19:15:22'
}
{
  level: 'info',
  message: '\x1B[1m\x1B[96mFat哥\x1B[39m\x1B[22m \x1B[1m\x1B[34m的回合超时了\x1B[39m\x1B[22m',
  timestamp: '2023-09-22 19:15:43'
}
{
  level: 'info',
  message: '\x1B[1m\x1B[96mFat哥\x1B[39m\x1B[22m \x1B[1m\x1B[46m 摇到了: \x1B[49m\x1B[22m \x1B[1m\x1B[92m6-6\x1B[39m\x1B[22m',
  timestamp: '2023-09-22 19:15:44'
}
{
  level: 'info',
  message: '\x1B[1m\x1B[34m现在是\x1B[39m\x1B[22m \x1B[1m\x1B[96mFat哥\x1B[39m\x1B[22m \x1B[1m\x1B[34m的回合\x1B[39m\x1B[22m',
  timestamp: '2023-09-22 19:16:13'
}
{
  level: 'info',
  message: '\x1B[1m\x1B[96mFat哥\x1B[39m\x1B[22m \x1B[1m\x1B[34m的回合超时了\x1B[39m\x1B[22m',
  timestamp: '2023-09-22 19:16:34'
}
{
  level: 'info',
  message: '\x1B[1m\x1B[96mFat哥\x1B[39m\x1B[22m \x1B[1m\x1B[46m 摇到了: \x1B[49m\x1B[22m \x1B[1m\x1B[92m6-6\x1B[39m\x1B[22m',
  timestamp: '2023-09-22 19:16:35'
}
{
  level: 'info',
  message: '\x1B[1m\x1B[34m现在是\x1B[39m\x1B[22m \x1B[1m\x1B[96mFat哥\x1B[39m\x1B[22m \x1B[1m\x1B[34m的回合\x1B[39m\x1B[22m',
  timestamp: '2023-09-22 19:17:04'
}
{
  level: 'info',
  message: '\x1B[1m\x1B[96mFat哥\x1B[39m\x1B[22m \x1B[1m\x1B[34m的回合超时了\x1B[39m\x1B[22m',
  timestamp: '2023-09-22 19:17:25'
}
{
  level: 'info',
  message: '\x1B[1m\x1B[96mFat哥\x1B[39m\x1B[22m \x1B[1m\x1B[46m 摇到了: \x1B[49m\x1B[22m \x1B[1m\x1B[92m1-4\x1B[39m\x1B[22m',
  timestamp: '2023-09-22 19:17:26'
}
{
  level: 'info',
  message: '\x1B[1m\x1B[34m现在是\x1B[39m\x1B[22m \x1B[1m\x1B[96mFat哥\x1B[39m\x1B[22m \x1B[1m\x1B[34m的回合\x1B[39m\x1B[22m',
  timestamp: '2023-09-22 19:17:50'
}
{
  level: 'info',
  message: '\x1B[1m\x1B[96mFat哥\x1B[39m\x1B[22m \x1B[1m\x1B[34m的回合超时了\x1B[39m\x1B[22m',
  timestamp: '2023-09-22 19:18:12'
}
{
  level: 'info',
  message: '\x1B[1m\x1B[96mFat哥\x1B[39m\x1B[22m \x1B[1m\x1B[46m 摇到了: \x1B[49m\x1B[22m \x1B[1m\x1B[92m2-3\x1B[39m\x1B[22m',
  timestamp: '2023-09-22 19:18:13'
}
