{
  level: 'info',
  message: '\x1B[1m\x1B[43m 房间: \x1B[49m\x1B[22m \x1B[1m\x1B[93mroom-18b6-b7c6-de5210\x1B[39m\x1B[22m \x1B[1m\x1B[42m 开始游戏 \x1B[49m\x1B[22m',
  timestamp: '2023-11-25 16:49:54'
}
{
  level: 'info',
  message: '\x1B[1m\x1B[34m现在是\x1B[39m\x1B[22m \x1B[1m\x1B[96mFatPaper\x1B[39m\x1B[22m \x1B[1m\x1B[34m的回合\x1B[39m\x1B[22m',
  timestamp: '2023-11-25 16:49:54'
}
{
  level: 'info',
  message: '\x1B[1m\x1B[96mFatPaper\x1B[39m\x1B[22m \x1B[1m\x1B[46m 摇到了: \x1B[49m\x1B[22m \x1B[1m\x1B[92m3-1\x1B[39m\x1B[22m',
  timestamp: '2023-11-25 16:49:58'
}
{
  level: 'info',
  message: '\x1B[1m\x1B[34m现在是\x1B[39m\x1B[22m \x1B[1m\x1B[96mFatPaper\x1B[39m\x1B[22m \x1B[1m\x1B[34m的回合\x1B[39m\x1B[22m',
  timestamp: '2023-11-25 16:50:00'
}
{
  level: 'info',
  message: '\x1B[1m\x1B[96mFatPaper\x1B[39m\x1B[22m \x1B[1m\x1B[34m的回合超时了\x1B[39m\x1B[22m',
  timestamp: '2023-11-25 16:50:22'
}
{
  level: 'info',
  message: '\x1B[1m\x1B[96mFatPaper\x1B[39m\x1B[22m \x1B[1m\x1B[46m 摇到了: \x1B[49m\x1B[22m \x1B[1m\x1B[92m2-6\x1B[39m\x1B[22m',
  timestamp: '2023-11-25 16:50:23'
}
{
  level: 'info',
  message: '\x1B[1m\x1B[34m现在是\x1B[39m\x1B[22m \x1B[1m\x1B[96mFatPaper\x1B[39m\x1B[22m \x1B[1m\x1B[34m的回合\x1B[39m\x1B[22m',
  timestamp: '2023-11-25 16:50:28'
}
{
  level: 'info',
  message: '\x1B[1m\x1B[96mFatPaper\x1B[39m\x1B[22m \x1B[1m\x1B[46m 摇到了: \x1B[49m\x1B[22m \x1B[1m\x1B[92m6-3\x1B[39m\x1B[22m',
  timestamp: '2023-11-25 16:50:58'
}
{
  level: 'info',
  message: '\x1B[1m\x1B[96mFatPaper\x1B[39m\x1B[22m \x1B[1m\x1B[34m购买了\x1B[39m\x1B[22m \x1B[1m\x1B[92m5\x1B[39m\x1B[22m',
  timestamp: '2023-11-25 16:51:05'
}
