{
  level: 'info',
  message: '\x1B[1m\x1B[43m 房间: \x1B[49m\x1B[22m \x1B[1m\x1B[93mroom-bb8a-0f93-83aadc\x1B[39m\x1B[22m \x1B[1m\x1B[42m 开始游戏 \x1B[49m\x1B[22m',
  timestamp: '2024-02-23 18:04:52'
}
{
  level: 'info',
  message: '\x1B[1m\x1B[34m现在是\x1B[39m\x1B[22m \x1B[1m\x1B[96mFatPaper\x1B[39m\x1B[22m \x1B[1m\x1B[34m的回合\x1B[39m\x1B[22m',
  timestamp: '2024-02-23 18:04:52'
}
{
  level: 'info',
  message: '\x1B[1m\x1B[96mFatPaper\x1B[39m\x1B[22m \x1B[1m\x1B[34m的回合超时了\x1B[39m\x1B[22m',
  timestamp: '2024-02-23 18:05:13'
}
{
  level: 'info',
  message: '\x1B[1m\x1B[96mFatPaper\x1B[39m\x1B[22m \x1B[1m\x1B[46m 摇到了: \x1B[49m\x1B[22m \x1B[1m\x1B[92m1-5\x1B[39m\x1B[22m',
  timestamp: '2024-02-23 18:05:14'
}
{
  level: 'info',
  message: '\x1B[1m\x1B[34m现在是\x1B[39m\x1B[22m \x1B[1m\x1B[96mFatPaper\x1B[39m\x1B[22m \x1B[1m\x1B[34m的回合\x1B[39m\x1B[22m',
  timestamp: '2024-02-23 18:05:42'
}
{
  level: 'info',
  message: '\x1B[1m\x1B[96mFatPaper\x1B[39m\x1B[22m \x1B[1m\x1B[46m 摇到了: \x1B[49m\x1B[22m \x1B[1m\x1B[92m6-4\x1B[39m\x1B[22m',
  timestamp: '2024-02-23 18:06:26'
}
{
  level: 'info',
  message: '\x1B[1m\x1B[96mFatPaper\x1B[39m\x1B[22m \x1B[1m\x1B[34m购买了\x1B[39m\x1B[22m \x1B[1m\x1B[92m3\x1B[39m\x1B[22m',
  timestamp: '2024-02-23 18:06:36'
}
