{
  level: 'info',
  message: '\x1B[1m\x1B[43m 房间: \x1B[49m\x1B[22m \x1B[1m\x1B[93mroom-8a34-9aef-d2f93f\x1B[39m\x1B[22m \x1B[1m\x1B[42m 开始游戏 \x1B[49m\x1B[22m',
  timestamp: '2024-02-23 18:13:37'
}
{
  level: 'info',
  message: '\x1B[1m\x1B[34m现在是\x1B[39m\x1B[22m \x1B[1m\x1B[96mFatPaper\x1B[39m\x1B[22m \x1B[1m\x1B[34m的回合\x1B[39m\x1B[22m',
  timestamp: '2024-02-23 18:13:37'
}
{
  level: 'info',
  message: '\x1B[1m\x1B[96mFatPaper\x1B[39m\x1B[22m \x1B[1m\x1B[41m 使用机会卡: \x1B[49m\x1B[22m \x1B[1m\x1B[93m借一点\x1B[39m\x1B[22m \x1B[1m\x1B[41m 失败: \x1B[49m\x1B[22m \x1B[1m\x1B[91m目标玩家不存在\x1B[39m\x1B[22m',
  timestamp: '2024-02-23 18:13:45'
}
{
  level: 'info',
  message: '\x1B[1m\x1B[96mFatPaper\x1B[39m\x1B[22m \x1B[1m\x1B[41m 使用机会卡: \x1B[49m\x1B[22m \x1B[1m\x1B[93m借一点\x1B[39m\x1B[22m \x1B[1m\x1B[41m 失败: \x1B[49m\x1B[22m \x1B[1m\x1B[91m目标玩家不存在\x1B[39m\x1B[22m',
  timestamp: '2024-02-23 18:13:59'
}
{
  level: 'info',
  message: '\x1B[1m\x1B[96mFatPaper\x1B[39m\x1B[22m \x1B[1m\x1B[43m 使用了机会卡: \x1B[49m\x1B[22m \x1B[1m\x1B[93m小财神\x1B[39m\x1B[22m',
  timestamp: '2024-02-23 18:14:04'
}
{
  level: 'info',
  message: '\x1B[1m\x1B[96mFatPaper\x1B[39m\x1B[22m \x1B[1m\x1B[46m 摇到了: \x1B[49m\x1B[22m \x1B[1m\x1B[92m5-3\x1B[39m\x1B[22m',
  timestamp: '2024-02-23 18:14:09'
}
{
  level: 'info',
  message: '\x1B[1m\x1B[96mFatPaper\x1B[39m\x1B[22m \x1B[1m\x1B[34m购买了\x1B[39m\x1B[22m \x1B[1m\x1B[92m7\x1B[39m\x1B[22m',
  timestamp: '2024-02-23 18:14:17'
}
{
  level: 'info',
  message: '\x1B[1m\x1B[34m现在是\x1B[39m\x1B[22m \x1B[1m\x1B[96mfatPaper24\x1B[39m\x1B[22m \x1B[1m\x1B[34m的回合\x1B[39m\x1B[22m',
  timestamp: '2024-02-23 18:14:17'
}
{
  level: 'info',
  message: '\x1B[1m\x1B[96mfatPaper24\x1B[39m\x1B[22m \x1B[1m\x1B[41m 使用机会卡: \x1B[49m\x1B[22m \x1B[1m\x1B[93m给你钱\x1B[39m\x1B[22m \x1B[1m\x1B[41m 失败: \x1B[49m\x1B[22m \x1B[1m\x1B[91m目标玩家不存在\x1B[39m\x1B[22m',
  timestamp: '2024-02-23 18:14:19'
}
{
  level: 'info',
  message: '\x1B[1m\x1B[96mfatPaper24\x1B[39m\x1B[22m \x1B[1m\x1B[46m 摇到了: \x1B[49m\x1B[22m \x1B[1m\x1B[92m1-6\x1B[39m\x1B[22m',
  timestamp: '2024-02-23 18:16:17'
}
