{
  level: 'info',
  message: '\x1B[1m\x1B[43m 房间: \x1B[49m\x1B[22m \x1B[1m\x1B[93mroom-4745-b881-a6586a\x1B[39m\x1B[22m \x1B[1m\x1B[42m 开始游戏 \x1B[49m\x1B[22m',
  timestamp: '2024-02-24 19:34:58'
}
{
  level: 'info',
  message: '\x1B[1m\x1B[34m现在是\x1B[39m\x1B[22m \x1B[1m\x1B[96mFatPaper\x1B[39m\x1B[22m \x1B[1m\x1B[34m的回合\x1B[39m\x1B[22m',
  timestamp: '2024-02-24 19:34:58'
}
{
  level: 'info',
  message: '\x1B[1m\x1B[96mFatPaper\x1B[39m\x1B[22m \x1B[1m\x1B[43m 使用了机会卡: \x1B[49m\x1B[22m \x1B[1m\x1B[93m小财神\x1B[39m\x1B[22m',
  timestamp: '2024-02-24 19:35:02'
}
{
  level: 'info',
  message: '\x1B[1m\x1B[96mFatPaper\x1B[39m\x1B[22m \x1B[1m\x1B[46m 摇到了: \x1B[49m\x1B[22m \x1B[1m\x1B[92m1-4\x1B[39m\x1B[22m',
  timestamp: '2024-02-24 19:40:32'
}
