{
  level: 'info',
  message: '\x1B[1m\x1B[43m 房间: \x1B[49m\x1B[22m \x1B[1m\x1B[93mroom-e883-b20a-bde6f4\x1B[39m\x1B[22m \x1B[1m\x1B[42m 开始游戏 \x1B[49m\x1B[22m',
  timestamp: '2024-02-23 18:24:05'
}
{
  level: 'info',
  message: '\x1B[1m\x1B[34m现在是\x1B[39m\x1B[22m \x1B[1m\x1B[96mfatPaper24\x1B[39m\x1B[22m \x1B[1m\x1B[34m的回合\x1B[39m\x1B[22m',
  timestamp: '2024-02-23 18:24:05'
}
{
  level: 'info',
  message: '\x1B[1m\x1B[96mfatPaper24\x1B[39m\x1B[22m \x1B[1m\x1B[43m 使用了机会卡: \x1B[49m\x1B[22m \x1B[1m\x1B[93m给你钱\x1B[39m\x1B[22m',
  timestamp: '2024-02-23 18:24:11'
}
{
  level: 'info',
  message: '\x1B[1m\x1B[96mfatPaper24\x1B[39m\x1B[22m \x1B[1m\x1B[43m 使用了机会卡: \x1B[49m\x1B[22m \x1B[1m\x1B[93m给你钱\x1B[39m\x1B[22m',
  timestamp: '2024-02-23 18:24:15'
}
{
  level: 'info',
  message: '\x1B[1m\x1B[96mfatPaper24\x1B[39m\x1B[22m \x1B[1m\x1B[43m 使用了机会卡: \x1B[49m\x1B[22m \x1B[1m\x1B[93m给你钱\x1B[39m\x1B[22m',
  timestamp: '2024-02-23 18:24:17'
}
{
  level: 'info',
  message: '\x1B[1m\x1B[96mfatPaper24\x1B[39m\x1B[22m \x1B[1m\x1B[43m 使用了机会卡: \x1B[49m\x1B[22m \x1B[1m\x1B[93m给你钱\x1B[39m\x1B[22m',
  timestamp: '2024-02-23 18:24:18'
}
{
  level: 'info',
  message: '\x1B[1m\x1B[96mfatPaper24\x1B[39m\x1B[22m \x1B[1m\x1B[43m 使用了机会卡: \x1B[49m\x1B[22m \x1B[1m\x1B[93m给你钱\x1B[39m\x1B[22m',
  timestamp: '2024-02-23 18:24:19'
}
{
  level: 'info',
  message: '\x1B[1m\x1B[96mfatPaper24\x1B[39m\x1B[22m \x1B[1m\x1B[43m 使用了机会卡: \x1B[49m\x1B[22m \x1B[1m\x1B[93m给你钱\x1B[39m\x1B[22m',
  timestamp: '2024-02-23 18:24:20'
}
{
  level: 'info',
  message: '\x1B[1m\x1B[96mfatPaper24\x1B[39m\x1B[22m \x1B[1m\x1B[43m 使用了机会卡: \x1B[49m\x1B[22m \x1B[1m\x1B[93m给你钱\x1B[39m\x1B[22m',
  timestamp: '2024-02-23 18:24:21'
}
{
  level: 'info',
  message: '\x1B[1m\x1B[96mfatPaper24\x1B[39m\x1B[22m \x1B[1m\x1B[43m 使用了机会卡: \x1B[49m\x1B[22m \x1B[1m\x1B[93m给你钱\x1B[39m\x1B[22m',
  timestamp: '2024-02-23 18:24:23'
}
{
  level: 'info',
  message: '\x1B[1m\x1B[96mfatPaper24\x1B[39m\x1B[22m \x1B[1m\x1B[43m 使用了机会卡: \x1B[49m\x1B[22m \x1B[1m\x1B[93m给你钱\x1B[39m\x1B[22m',
  timestamp: '2024-02-23 18:24:25'
}
{
  level: 'info',
  message: '\x1B[1m\x1B[96mfatPaper24\x1B[39m\x1B[22m \x1B[1m\x1B[34m的回合超时了\x1B[39m\x1B[22m',
  timestamp: '2024-02-23 18:24:46'
}
{
  level: 'info',
  message: '\x1B[1m\x1B[96mfatPaper24\x1B[39m\x1B[22m \x1B[1m\x1B[46m 摇到了: \x1B[49m\x1B[22m \x1B[1m\x1B[92m6-4\x1B[39m\x1B[22m',
  timestamp: '2024-02-23 18:24:48'
}
{
  level: 'info',
  message: '\x1B[1m\x1B[34m现在是\x1B[39m\x1B[22m \x1B[1m\x1B[96mFatPaper\x1B[39m\x1B[22m \x1B[1m\x1B[34m的回合\x1B[39m\x1B[22m',
  timestamp: '2024-02-23 18:25:18'
}
{
  level: 'info',
  message: '\x1B[1m\x1B[96mFatPaper\x1B[39m\x1B[22m \x1B[1m\x1B[34m的回合超时了\x1B[39m\x1B[22m',
  timestamp: '2024-02-23 18:25:39'
}
{
  level: 'info',
  message: '\x1B[1m\x1B[96mFatPaper\x1B[39m\x1B[22m \x1B[1m\x1B[46m 摇到了: \x1B[49m\x1B[22m \x1B[1m\x1B[92m1-2\x1B[39m\x1B[22m',
  timestamp: '2024-02-23 18:25:40'
}
