{
  level: 'info',
  message: '\x1B[1m\x1B[43m 房间: \x1B[49m\x1B[22m \x1B[1m\x1B[93mroom-44d3-f5b2-bbb66c\x1B[39m\x1B[22m \x1B[1m\x1B[42m 开始游戏 \x1B[49m\x1B[22m',
  timestamp: '2024-02-28 18:07:01'
}
{
  level: 'info',
  message: '\x1B[1m\x1B[34m现在是\x1B[39m\x1B[22m \x1B[1m\x1B[96mFatPaper\x1B[39m\x1B[22m \x1B[1m\x1B[34m的回合\x1B[39m\x1B[22m',
  timestamp: '2024-02-28 18:07:01'
}
{
  level: 'info',
  message: '\x1B[1m\x1B[96mFatPaper\x1B[39m\x1B[22m \x1B[1m\x1B[34m的回合超时了\x1B[39m\x1B[22m',
  timestamp: '2024-02-28 18:07:22'
}
{
  level: 'info',
  message: '\x1B[1m\x1B[96mFatPaper\x1B[39m\x1B[22m \x1B[1m\x1B[46m 摇到了: \x1B[49m\x1B[22m \x1B[1m\x1B[92m4-1\x1B[39m\x1B[22m',
  timestamp: '2024-02-28 18:07:24'
}
{
  level: 'info',
  message: '\x1B[1m\x1B[34m现在是\x1B[39m\x1B[22m \x1B[1m\x1B[96mFatPaper\x1B[39m\x1B[22m \x1B[1m\x1B[34m的回合\x1B[39m\x1B[22m',
  timestamp: '2024-02-28 18:07:51'
}
{
  level: 'info',
  message: '\x1B[1m\x1B[96mFatPaper\x1B[39m\x1B[22m \x1B[1m\x1B[34m的回合超时了\x1B[39m\x1B[22m',
  timestamp: '2024-02-28 18:08:12'
}
{
  level: 'info',
  message: '\x1B[1m\x1B[96mFatPaper\x1B[39m\x1B[22m \x1B[1m\x1B[46m 摇到了: \x1B[49m\x1B[22m \x1B[1m\x1B[92m3-3\x1B[39m\x1B[22m',
  timestamp: '2024-02-28 18:08:14'
}
