{
  level: 'info',
  message: '\x1B[1m\x1B[43m 房间: \x1B[49m\x1B[22m \x1B[1m\x1B[93mroom-29ce-e1f0-efd44a\x1B[39m\x1B[22m \x1B[1m\x1B[42m 开始游戏 \x1B[49m\x1B[22m',
  timestamp: '2024-03-05 23:15:19'
}
{
  level: 'info',
  message: '\x1B[1m\x1B[34m现在是\x1B[39m\x1B[22m \x1B[1m\x1B[96mFat仔\x1B[39m\x1B[22m \x1B[1m\x1B[34m的回合\x1B[39m\x1B[22m',
  timestamp: '2024-03-05 23:15:19'
}
{
  level: 'info',
  message: '\x1B[1m\x1B[96mFat仔\x1B[39m\x1B[22m \x1B[1m\x1B[46m 摇到了: \x1B[49m\x1B[22m \x1B[1m\x1B[92m2-5\x1B[39m\x1B[22m',
  timestamp: '2024-03-05 23:15:23'
}
{
  level: 'info',
  message: '\x1B[1m\x1B[96mFat仔\x1B[39m\x1B[22m \x1B[1m\x1B[34m购买了\x1B[39m\x1B[22m \x1B[1m\x1B[92m6\x1B[39m\x1B[22m',
  timestamp: '2024-03-05 23:15:31'
}
{
  level: 'info',
  message: '\x1B[1m\x1B[34m现在是\x1B[39m\x1B[22m \x1B[1m\x1B[96mFatPaper\x1B[39m\x1B[22m \x1B[1m\x1B[34m的回合\x1B[39m\x1B[22m',
  timestamp: '2024-03-05 23:15:31'
}
{
  level: 'info',
  message: '\x1B[1m\x1B[96mFatPaper\x1B[39m\x1B[22m \x1B[1m\x1B[46m 摇到了: \x1B[49m\x1B[22m \x1B[1m\x1B[92m4-6\x1B[39m\x1B[22m',
  timestamp: '2024-03-05 23:15:35'
}
{
  level: 'info',
  message: '\x1B[1m\x1B[34m现在是\x1B[39m\x1B[22m \x1B[1m\x1B[96mFat仔\x1B[39m\x1B[22m \x1B[1m\x1B[34m的回合\x1B[39m\x1B[22m',
  timestamp: '2024-03-05 23:15:43'
}
{
  level: 'info',
  message: '\x1B[1m\x1B[96mFat仔\x1B[39m\x1B[22m \x1B[1m\x1B[46m 摇到了: \x1B[49m\x1B[22m \x1B[1m\x1B[92m1-6\x1B[39m\x1B[22m',
  timestamp: '2024-03-05 23:15:49'
}
{
  level: 'info',
  message: '\x1B[1m\x1B[96mFat仔\x1B[39m\x1B[22m \x1B[1m\x1B[34m购买了\x1B[39m\x1B[22m \x1B[1m\x1B[92m7\x1B[39m\x1B[22m',
  timestamp: '2024-03-05 23:15:56'
}
{
  level: 'info',
  message: '\x1B[1m\x1B[34m现在是\x1B[39m\x1B[22m \x1B[1m\x1B[96mFatPaper\x1B[39m\x1B[22m \x1B[1m\x1B[34m的回合\x1B[39m\x1B[22m',
  timestamp: '2024-03-05 23:15:56'
}
{
  level: 'info',
  message: '\x1B[1m\x1B[96mFatPaper\x1B[39m\x1B[22m \x1B[1m\x1B[46m 摇到了: \x1B[49m\x1B[22m \x1B[1m\x1B[92m1-4\x1B[39m\x1B[22m',
  timestamp: '2024-03-05 23:16:00'
}
{
  level: 'info',
  message: '\x1B[1m\x1B[96mFatPaper\x1B[39m\x1B[22m \x1B[1m\x1B[34m购买了\x1B[39m\x1B[22m \x1B[1m\x1B[92m1\x1B[39m\x1B[22m',
  timestamp: '2024-03-05 23:16:06'
}
{
  level: 'info',
  message: '\x1B[1m\x1B[34m现在是\x1B[39m\x1B[22m \x1B[1m\x1B[96mFat仔\x1B[39m\x1B[22m \x1B[1m\x1B[34m的回合\x1B[39m\x1B[22m',
  timestamp: '2024-03-05 23:16:06'
}
{
  level: 'info',
  message: '\x1B[1m\x1B[96mFat仔\x1B[39m\x1B[22m \x1B[1m\x1B[43m 使用了机会卡: \x1B[49m\x1B[22m \x1B[1m\x1B[93m发财\x1B[39m\x1B[22m',
  timestamp: '2024-03-05 23:16:10'
}
{
  level: 'info',
  message: '\x1B[1m\x1B[96mFat仔\x1B[39m\x1B[22m \x1B[1m\x1B[46m 摇到了: \x1B[49m\x1B[22m \x1B[1m\x1B[92m2-4\x1B[39m\x1B[22m',
  timestamp: '2024-03-05 23:16:18'
}
{
  level: 'info',
  message: '\x1B[1m\x1B[96mFat仔\x1B[39m\x1B[22m \x1B[1m\x1B[34m购买了\x1B[39m\x1B[22m \x1B[1m\x1B[92m2\x1B[39m\x1B[22m',
  timestamp: '2024-03-05 23:16:25'
}
{
  level: 'info',
  message: '\x1B[1m\x1B[34m现在是\x1B[39m\x1B[22m \x1B[1m\x1B[96mFatPaper\x1B[39m\x1B[22m \x1B[1m\x1B[34m的回合\x1B[39m\x1B[22m',
  timestamp: '2024-03-05 23:16:25'
}
{
  level: 'info',
  message: '\x1B[1m\x1B[96mFatPaper\x1B[39m\x1B[22m \x1B[1m\x1B[46m 摇到了: \x1B[49m\x1B[22m \x1B[1m\x1B[92m2-6\x1B[39m\x1B[22m',
  timestamp: '2024-03-05 23:16:30'
}
{
  level: 'info',
  message: '\x1B[1m\x1B[96mFatPaper\x1B[39m\x1B[22m \x1B[1m\x1B[34m升级了\x1B[39m\x1B[22m \x1B[1m\x1B[92m1\x1B[39m\x1B[22m \x1B[1m\x1B[34m的房屋\x1B[39m\x1B[22m',
  timestamp: '2024-03-05 23:16:37'
}
